Linked: (/home/martinelli/WidowX_XM430_Robot_Turret/catkin_ws/devel/.private/pckg/lib/pckg/pan_tilt, /home/martinelli/WidowX_XM430_Robot_Turret/catkin_ws/devel/lib/pckg/pan_tilt)
Linked: (/home/martinelli/WidowX_XM430_Robot_Turret/catkin_ws/devel/.private/pckg/lib/pckg/coord_tracker, /home/martinelli/WidowX_XM430_Robot_Turret/catkin_ws/devel/lib/pckg/coord_tracker)
Linked: (/home/martinelli/WidowX_XM430_Robot_Turret/catkin_ws/devel/.private/pckg/lib/pkgconfig/pckg.pc, /home/martinelli/WidowX_XM430_Robot_Turret/catkin_ws/devel/lib/pkgconfig/pckg.pc)
Linked: (/home/martinelli/WidowX_XM430_Robot_Turret/catkin_ws/devel/.private/pckg/lib/python3/dist-packages/pckg/__init__.py, /home/martinelli/WidowX_XM430_Robot_Turret/catkin_ws/devel/lib/python3/dist-packages/pckg/__init__.py)
Linked: (/home/martinelli/WidowX_XM430_Robot_Turret/catkin_ws/devel/.private/pckg/lib/python3/dist-packages/pckg/srv/__init__.py, /home/martinelli/WidowX_XM430_Robot_Turret/catkin_ws/devel/lib/python3/dist-packages/pckg/srv/__init__.py)
Linked: (/home/martinelli/WidowX_XM430_Robot_Turret/catkin_ws/devel/.private/pckg/lib/python3/dist-packages/pckg/srv/_track_frame.py, /home/martinelli/WidowX_XM430_Robot_Turret/catkin_ws/devel/lib/python3/dist-packages/pckg/srv/_track_frame.py)
Linked: (/home/martinelli/WidowX_XM430_Robot_Turret/catkin_ws/devel/.private/pckg/lib/python3/dist-packages/pckg/srv/_move_pos_single.py, /home/martinelli/WidowX_XM430_Robot_Turret/catkin_ws/devel/lib/python3/dist-packages/pckg/srv/_move_pos_single.py)
Linked: (/home/martinelli/WidowX_XM430_Robot_Turret/catkin_ws/devel/.private/pckg/lib/python3/dist-packages/pckg/srv/_move_pos_traj.py, /home/martinelli/WidowX_XM430_Robot_Turret/catkin_ws/devel/lib/python3/dist-packages/pckg/srv/_move_pos_traj.py)
Linked: (/home/martinelli/WidowX_XM430_Robot_Turret/catkin_ws/devel/.private/pckg/lib/python3/dist-packages/pckg/srv/_move_pos_simu_rand.py, /home/martinelli/WidowX_XM430_Robot_Turret/catkin_ws/devel/lib/python3/dist-packages/pckg/srv/_move_pos_simu_rand.py)
Linked: (/home/martinelli/WidowX_XM430_Robot_Turret/catkin_ws/devel/.private/pckg/lib/python3/dist-packages/pckg/srv/_move_pos_simu.py, /home/martinelli/WidowX_XM430_Robot_Turret/catkin_ws/devel/lib/python3/dist-packages/pckg/srv/_move_pos_simu.py)
Linked: (/home/martinelli/WidowX_XM430_Robot_Turret/catkin_ws/devel/.private/pckg/lib/python3/dist-packages/pckg/srv/_track_coord.py, /home/martinelli/WidowX_XM430_Robot_Turret/catkin_ws/devel/lib/python3/dist-packages/pckg/srv/_track_coord.py)
Linked: (/home/martinelli/WidowX_XM430_Robot_Turret/catkin_ws/devel/.private/pckg/lib/python3/dist-packages/pckg/srv/_move_pos_group.py, /home/martinelli/WidowX_XM430_Robot_Turret/catkin_ws/devel/lib/python3/dist-packages/pckg/srv/_move_pos_group.py)
Linked: (/home/martinelli/WidowX_XM430_Robot_Turret/catkin_ws/devel/.private/pckg/include/pckg/move_pos_groupRequest.h, /home/martinelli/WidowX_XM430_Robot_Turret/catkin_ws/devel/include/pckg/move_pos_groupRequest.h)
Linked: (/home/martinelli/WidowX_XM430_Robot_Turret/catkin_ws/devel/.private/pckg/include/pckg/move_pos_simu_randResponse.h, /home/martinelli/WidowX_XM430_Robot_Turret/catkin_ws/devel/include/pckg/move_pos_simu_randResponse.h)
Linked: (/home/martinelli/WidowX_XM430_Robot_Turret/catkin_ws/devel/.private/pckg/include/pckg/track_frame.h, /home/martinelli/WidowX_XM430_Robot_Turret/catkin_ws/devel/include/pckg/track_frame.h)
Linked: (/home/martinelli/WidowX_XM430_Robot_Turret/catkin_ws/devel/.private/pckg/include/pckg/move_pos_simuRequest.h, /home/martinelli/WidowX_XM430_Robot_Turret/catkin_ws/devel/include/pckg/move_pos_simuRequest.h)
Linked: (/home/martinelli/WidowX_XM430_Robot_Turret/catkin_ws/devel/.private/pckg/include/pckg/move_pos_single.h, /home/martinelli/WidowX_XM430_Robot_Turret/catkin_ws/devel/include/pckg/move_pos_single.h)
Linked: (/home/martinelli/WidowX_XM430_Robot_Turret/catkin_ws/devel/.private/pckg/include/pckg/track_frameResponse.h, /home/martinelli/WidowX_XM430_Robot_Turret/catkin_ws/devel/include/pckg/track_frameResponse.h)
Linked: (/home/martinelli/WidowX_XM430_Robot_Turret/catkin_ws/devel/.private/pckg/include/pckg/move_pos_groupResponse.h, /home/martinelli/WidowX_XM430_Robot_Turret/catkin_ws/devel/include/pckg/move_pos_groupResponse.h)
Linked: (/home/martinelli/WidowX_XM430_Robot_Turret/catkin_ws/devel/.private/pckg/include/pckg/track_coordRequest.h, /home/martinelli/WidowX_XM430_Robot_Turret/catkin_ws/devel/include/pckg/track_coordRequest.h)
Linked: (/home/martinelli/WidowX_XM430_Robot_Turret/catkin_ws/devel/.private/pckg/include/pckg/move_pos_simu_rand.h, /home/martinelli/WidowX_XM430_Robot_Turret/catkin_ws/devel/include/pckg/move_pos_simu_rand.h)
Linked: (/home/martinelli/WidowX_XM430_Robot_Turret/catkin_ws/devel/.private/pckg/include/pckg/track_frameRequest.h, /home/martinelli/WidowX_XM430_Robot_Turret/catkin_ws/devel/include/pckg/track_frameRequest.h)
Linked: (/home/martinelli/WidowX_XM430_Robot_Turret/catkin_ws/devel/.private/pckg/include/pckg/move_pos_trajResponse.h, /home/martinelli/WidowX_XM430_Robot_Turret/catkin_ws/devel/include/pckg/move_pos_trajResponse.h)
Linked: (/home/martinelli/WidowX_XM430_Robot_Turret/catkin_ws/devel/.private/pckg/include/pckg/move_pos_group.h, /home/martinelli/WidowX_XM430_Robot_Turret/catkin_ws/devel/include/pckg/move_pos_group.h)
Linked: (/home/martinelli/WidowX_XM430_Robot_Turret/catkin_ws/devel/.private/pckg/include/pckg/move_pos_trajRequest.h, /home/martinelli/WidowX_XM430_Robot_Turret/catkin_ws/devel/include/pckg/move_pos_trajRequest.h)
Linked: (/home/martinelli/WidowX_XM430_Robot_Turret/catkin_ws/devel/.private/pckg/include/pckg/move_pos_simuResponse.h, /home/martinelli/WidowX_XM430_Robot_Turret/catkin_ws/devel/include/pckg/move_pos_simuResponse.h)
Linked: (/home/martinelli/WidowX_XM430_Robot_Turret/catkin_ws/devel/.private/pckg/include/pckg/move_pos_simu.h, /home/martinelli/WidowX_XM430_Robot_Turret/catkin_ws/devel/include/pckg/move_pos_simu.h)
Linked: (/home/martinelli/WidowX_XM430_Robot_Turret/catkin_ws/devel/.private/pckg/include/pckg/move_pos_singleRequest.h, /home/martinelli/WidowX_XM430_Robot_Turret/catkin_ws/devel/include/pckg/move_pos_singleRequest.h)
Linked: (/home/martinelli/WidowX_XM430_Robot_Turret/catkin_ws/devel/.private/pckg/include/pckg/move_pos_singleResponse.h, /home/martinelli/WidowX_XM430_Robot_Turret/catkin_ws/devel/include/pckg/move_pos_singleResponse.h)
Linked: (/home/martinelli/WidowX_XM430_Robot_Turret/catkin_ws/devel/.private/pckg/include/pckg/move_pos_simu_randRequest.h, /home/martinelli/WidowX_XM430_Robot_Turret/catkin_ws/devel/include/pckg/move_pos_simu_randRequest.h)
Linked: (/home/martinelli/WidowX_XM430_Robot_Turret/catkin_ws/devel/.private/pckg/include/pckg/track_coord.h, /home/martinelli/WidowX_XM430_Robot_Turret/catkin_ws/devel/include/pckg/track_coord.h)
Linked: (/home/martinelli/WidowX_XM430_Robot_Turret/catkin_ws/devel/.private/pckg/include/pckg/track_coordResponse.h, /home/martinelli/WidowX_XM430_Robot_Turret/catkin_ws/devel/include/pckg/track_coordResponse.h)
Linked: (/home/martinelli/WidowX_XM430_Robot_Turret/catkin_ws/devel/.private/pckg/include/pckg/move_pos_traj.h, /home/martinelli/WidowX_XM430_Robot_Turret/catkin_ws/devel/include/pckg/move_pos_traj.h)
Linked: (/home/martinelli/WidowX_XM430_Robot_Turret/catkin_ws/devel/.private/pckg/share/pckg/cmake/pckgConfig-version.cmake, /home/martinelli/WidowX_XM430_Robot_Turret/catkin_ws/devel/share/pckg/cmake/pckgConfig-version.cmake)
Linked: (/home/martinelli/WidowX_XM430_Robot_Turret/catkin_ws/devel/.private/pckg/share/pckg/cmake/pckgConfig.cmake, /home/martinelli/WidowX_XM430_Robot_Turret/catkin_ws/devel/share/pckg/cmake/pckgConfig.cmake)
Linked: (/home/martinelli/WidowX_XM430_Robot_Turret/catkin_ws/devel/.private/pckg/share/pckg/cmake/pckg-msg-paths.cmake, /home/martinelli/WidowX_XM430_Robot_Turret/catkin_ws/devel/share/pckg/cmake/pckg-msg-paths.cmake)
Linked: (/home/martinelli/WidowX_XM430_Robot_Turret/catkin_ws/devel/.private/pckg/share/pckg/cmake/pckg-msg-extras.cmake, /home/martinelli/WidowX_XM430_Robot_Turret/catkin_ws/devel/share/pckg/cmake/pckg-msg-extras.cmake)
Linked: (/home/martinelli/WidowX_XM430_Robot_Turret/catkin_ws/devel/.private/pckg/share/roseus/ros/pckg/manifest.l, /home/martinelli/WidowX_XM430_Robot_Turret/catkin_ws/devel/share/roseus/ros/pckg/manifest.l)
Linked: (/home/martinelli/WidowX_XM430_Robot_Turret/catkin_ws/devel/.private/pckg/share/roseus/ros/pckg/srv/track_frame.l, /home/martinelli/WidowX_XM430_Robot_Turret/catkin_ws/devel/share/roseus/ros/pckg/srv/track_frame.l)
Linked: (/home/martinelli/WidowX_XM430_Robot_Turret/catkin_ws/devel/.private/pckg/share/roseus/ros/pckg/srv/move_pos_traj.l, /home/martinelli/WidowX_XM430_Robot_Turret/catkin_ws/devel/share/roseus/ros/pckg/srv/move_pos_traj.l)
Linked: (/home/martinelli/WidowX_XM430_Robot_Turret/catkin_ws/devel/.private/pckg/share/roseus/ros/pckg/srv/move_pos_single.l, /home/martinelli/WidowX_XM430_Robot_Turret/catkin_ws/devel/share/roseus/ros/pckg/srv/move_pos_single.l)
Linked: (/home/martinelli/WidowX_XM430_Robot_Turret/catkin_ws/devel/.private/pckg/share/roseus/ros/pckg/srv/track_coord.l, /home/martinelli/WidowX_XM430_Robot_Turret/catkin_ws/devel/share/roseus/ros/pckg/srv/track_coord.l)
Linked: (/home/martinelli/WidowX_XM430_Robot_Turret/catkin_ws/devel/.private/pckg/share/roseus/ros/pckg/srv/move_pos_simu.l, /home/martinelli/WidowX_XM430_Robot_Turret/catkin_ws/devel/share/roseus/ros/pckg/srv/move_pos_simu.l)
Linked: (/home/martinelli/WidowX_XM430_Robot_Turret/catkin_ws/devel/.private/pckg/share/roseus/ros/pckg/srv/move_pos_simu_rand.l, /home/martinelli/WidowX_XM430_Robot_Turret/catkin_ws/devel/share/roseus/ros/pckg/srv/move_pos_simu_rand.l)
Linked: (/home/martinelli/WidowX_XM430_Robot_Turret/catkin_ws/devel/.private/pckg/share/roseus/ros/pckg/srv/move_pos_group.l, /home/martinelli/WidowX_XM430_Robot_Turret/catkin_ws/devel/share/roseus/ros/pckg/srv/move_pos_group.l)
Linked: (/home/martinelli/WidowX_XM430_Robot_Turret/catkin_ws/devel/.private/pckg/share/gennodejs/ros/pckg/_index.js, /home/martinelli/WidowX_XM430_Robot_Turret/catkin_ws/devel/share/gennodejs/ros/pckg/_index.js)
Linked: (/home/martinelli/WidowX_XM430_Robot_Turret/catkin_ws/devel/.private/pckg/share/gennodejs/ros/pckg/srv/move_pos_simu_rand.js, /home/martinelli/WidowX_XM430_Robot_Turret/catkin_ws/devel/share/gennodejs/ros/pckg/srv/move_pos_simu_rand.js)
Linked: (/home/martinelli/WidowX_XM430_Robot_Turret/catkin_ws/devel/.private/pckg/share/gennodejs/ros/pckg/srv/track_coord.js, /home/martinelli/WidowX_XM430_Robot_Turret/catkin_ws/devel/share/gennodejs/ros/pckg/srv/track_coord.js)
Linked: (/home/martinelli/WidowX_XM430_Robot_Turret/catkin_ws/devel/.private/pckg/share/gennodejs/ros/pckg/srv/track_frame.js, /home/martinelli/WidowX_XM430_Robot_Turret/catkin_ws/devel/share/gennodejs/ros/pckg/srv/track_frame.js)
Linked: (/home/martinelli/WidowX_XM430_Robot_Turret/catkin_ws/devel/.private/pckg/share/gennodejs/ros/pckg/srv/_index.js, /home/martinelli/WidowX_XM430_Robot_Turret/catkin_ws/devel/share/gennodejs/ros/pckg/srv/_index.js)
Linked: (/home/martinelli/WidowX_XM430_Robot_Turret/catkin_ws/devel/.private/pckg/share/gennodejs/ros/pckg/srv/move_pos_traj.js, /home/martinelli/WidowX_XM430_Robot_Turret/catkin_ws/devel/share/gennodejs/ros/pckg/srv/move_pos_traj.js)
Linked: (/home/martinelli/WidowX_XM430_Robot_Turret/catkin_ws/devel/.private/pckg/share/gennodejs/ros/pckg/srv/move_pos_single.js, /home/martinelli/WidowX_XM430_Robot_Turret/catkin_ws/devel/share/gennodejs/ros/pckg/srv/move_pos_single.js)
Linked: (/home/martinelli/WidowX_XM430_Robot_Turret/catkin_ws/devel/.private/pckg/share/gennodejs/ros/pckg/srv/move_pos_group.js, /home/martinelli/WidowX_XM430_Robot_Turret/catkin_ws/devel/share/gennodejs/ros/pckg/srv/move_pos_group.js)
Linked: (/home/martinelli/WidowX_XM430_Robot_Turret/catkin_ws/devel/.private/pckg/share/gennodejs/ros/pckg/srv/move_pos_simu.js, /home/martinelli/WidowX_XM430_Robot_Turret/catkin_ws/devel/share/gennodejs/ros/pckg/srv/move_pos_simu.js)
Linked: (/home/martinelli/WidowX_XM430_Robot_Turret/catkin_ws/devel/.private/pckg/share/common-lisp/ros/pckg/srv/track_coord.lisp, /home/martinelli/WidowX_XM430_Robot_Turret/catkin_ws/devel/share/common-lisp/ros/pckg/srv/track_coord.lisp)
Linked: (/home/martinelli/WidowX_XM430_Robot_Turret/catkin_ws/devel/.private/pckg/share/common-lisp/ros/pckg/srv/_package_track_frame.lisp, /home/martinelli/WidowX_XM430_Robot_Turret/catkin_ws/devel/share/common-lisp/ros/pckg/srv/_package_track_frame.lisp)
Linked: (/home/martinelli/WidowX_XM430_Robot_Turret/catkin_ws/devel/.private/pckg/share/common-lisp/ros/pckg/srv/_package_move_pos_single.lisp, /home/martinelli/WidowX_XM430_Robot_Turret/catkin_ws/devel/share/common-lisp/ros/pckg/srv/_package_move_pos_single.lisp)
Linked: (/home/martinelli/WidowX_XM430_Robot_Turret/catkin_ws/devel/.private/pckg/share/common-lisp/ros/pckg/srv/_package.lisp, /home/martinelli/WidowX_XM430_Robot_Turret/catkin_ws/devel/share/common-lisp/ros/pckg/srv/_package.lisp)
Linked: (/home/martinelli/WidowX_XM430_Robot_Turret/catkin_ws/devel/.private/pckg/share/common-lisp/ros/pckg/srv/move_pos_traj.lisp, /home/martinelli/WidowX_XM430_Robot_Turret/catkin_ws/devel/share/common-lisp/ros/pckg/srv/move_pos_traj.lisp)
Linked: (/home/martinelli/WidowX_XM430_Robot_Turret/catkin_ws/devel/.private/pckg/share/common-lisp/ros/pckg/srv/_package_move_pos_simu.lisp, /home/martinelli/WidowX_XM430_Robot_Turret/catkin_ws/devel/share/common-lisp/ros/pckg/srv/_package_move_pos_simu.lisp)
Linked: (/home/martinelli/WidowX_XM430_Robot_Turret/catkin_ws/devel/.private/pckg/share/common-lisp/ros/pckg/srv/pckg-srv.asd, /home/martinelli/WidowX_XM430_Robot_Turret/catkin_ws/devel/share/common-lisp/ros/pckg/srv/pckg-srv.asd)
Linked: (/home/martinelli/WidowX_XM430_Robot_Turret/catkin_ws/devel/.private/pckg/share/common-lisp/ros/pckg/srv/track_frame.lisp, /home/martinelli/WidowX_XM430_Robot_Turret/catkin_ws/devel/share/common-lisp/ros/pckg/srv/track_frame.lisp)
Linked: (/home/martinelli/WidowX_XM430_Robot_Turret/catkin_ws/devel/.private/pckg/share/common-lisp/ros/pckg/srv/move_pos_simu_rand.lisp, /home/martinelli/WidowX_XM430_Robot_Turret/catkin_ws/devel/share/common-lisp/ros/pckg/srv/move_pos_simu_rand.lisp)
Linked: (/home/martinelli/WidowX_XM430_Robot_Turret/catkin_ws/devel/.private/pckg/share/common-lisp/ros/pckg/srv/_package_track_coord.lisp, /home/martinelli/WidowX_XM430_Robot_Turret/catkin_ws/devel/share/common-lisp/ros/pckg/srv/_package_track_coord.lisp)
Linked: (/home/martinelli/WidowX_XM430_Robot_Turret/catkin_ws/devel/.private/pckg/share/common-lisp/ros/pckg/srv/move_pos_single.lisp, /home/martinelli/WidowX_XM430_Robot_Turret/catkin_ws/devel/share/common-lisp/ros/pckg/srv/move_pos_single.lisp)
Linked: (/home/martinelli/WidowX_XM430_Robot_Turret/catkin_ws/devel/.private/pckg/share/common-lisp/ros/pckg/srv/move_pos_group.lisp, /home/martinelli/WidowX_XM430_Robot_Turret/catkin_ws/devel/share/common-lisp/ros/pckg/srv/move_pos_group.lisp)
Linked: (/home/martinelli/WidowX_XM430_Robot_Turret/catkin_ws/devel/.private/pckg/share/common-lisp/ros/pckg/srv/_package_move_pos_simu_rand.lisp, /home/martinelli/WidowX_XM430_Robot_Turret/catkin_ws/devel/share/common-lisp/ros/pckg/srv/_package_move_pos_simu_rand.lisp)
Linked: (/home/martinelli/WidowX_XM430_Robot_Turret/catkin_ws/devel/.private/pckg/share/common-lisp/ros/pckg/srv/_package_move_pos_traj.lisp, /home/martinelli/WidowX_XM430_Robot_Turret/catkin_ws/devel/share/common-lisp/ros/pckg/srv/_package_move_pos_traj.lisp)
Linked: (/home/martinelli/WidowX_XM430_Robot_Turret/catkin_ws/devel/.private/pckg/share/common-lisp/ros/pckg/srv/move_pos_simu.lisp, /home/martinelli/WidowX_XM430_Robot_Turret/catkin_ws/devel/share/common-lisp/ros/pckg/srv/move_pos_simu.lisp)
Linked: (/home/martinelli/WidowX_XM430_Robot_Turret/catkin_ws/devel/.private/pckg/share/common-lisp/ros/pckg/srv/_package_move_pos_group.lisp, /home/martinelli/WidowX_XM430_Robot_Turret/catkin_ws/devel/share/common-lisp/ros/pckg/srv/_package_move_pos_group.lisp)
