Symlinking /home/martinelli/WidowX_XM430_Robot_Turret/catkin_ws/devel/lib/pckg/pan_tilt
Symlinking /home/martinelli/WidowX_XM430_Robot_Turret/catkin_ws/devel/lib/pckg/coord_tracker
Symlinking /home/martinelli/WidowX_XM430_Robot_Turret/catkin_ws/devel/lib/pkgconfig/pckg.pc
Symlinking /home/martinelli/WidowX_XM430_Robot_Turret/catkin_ws/devel/lib/python3/dist-packages/pckg/__init__.py
Symlinking /home/martinelli/WidowX_XM430_Robot_Turret/catkin_ws/devel/lib/python3/dist-packages/pckg/srv/__init__.py
Symlinking /home/martinelli/WidowX_XM430_Robot_Turret/catkin_ws/devel/lib/python3/dist-packages/pckg/srv/_track_frame.py
Symlinking /home/martinelli/WidowX_XM430_Robot_Turret/catkin_ws/devel/lib/python3/dist-packages/pckg/srv/_move_pos_single.py
Symlinking /home/martinelli/WidowX_XM430_Robot_Turret/catkin_ws/devel/lib/python3/dist-packages/pckg/srv/_move_pos_traj.py
Symlinking /home/martinelli/WidowX_XM430_Robot_Turret/catkin_ws/devel/lib/python3/dist-packages/pckg/srv/_move_pos_simu_rand.py
Symlinking /home/martinelli/WidowX_XM430_Robot_Turret/catkin_ws/devel/lib/python3/dist-packages/pckg/srv/_move_pos_simu.py
Symlinking /home/martinelli/WidowX_XM430_Robot_Turret/catkin_ws/devel/lib/python3/dist-packages/pckg/srv/_track_coord.py
Symlinking /home/martinelli/WidowX_XM430_Robot_Turret/catkin_ws/devel/lib/python3/dist-packages/pckg/srv/_move_pos_group.py
Symlinking /home/martinelli/WidowX_XM430_Robot_Turret/catkin_ws/devel/include/pckg/move_pos_groupRequest.h
Symlinking /home/martinelli/WidowX_XM430_Robot_Turret/catkin_ws/devel/include/pckg/move_pos_simu_randResponse.h
Symlinking /home/martinelli/WidowX_XM430_Robot_Turret/catkin_ws/devel/include/pckg/track_frame.h
Symlinking /home/martinelli/WidowX_XM430_Robot_Turret/catkin_ws/devel/include/pckg/move_pos_simuRequest.h
Symlinking /home/martinelli/WidowX_XM430_Robot_Turret/catkin_ws/devel/include/pckg/move_pos_single.h
Symlinking /home/martinelli/WidowX_XM430_Robot_Turret/catkin_ws/devel/include/pckg/track_frameResponse.h
Symlinking /home/martinelli/WidowX_XM430_Robot_Turret/catkin_ws/devel/include/pckg/move_pos_groupResponse.h
Symlinking /home/martinelli/WidowX_XM430_Robot_Turret/catkin_ws/devel/include/pckg/track_coordRequest.h
Symlinking /home/martinelli/WidowX_XM430_Robot_Turret/catkin_ws/devel/include/pckg/move_pos_simu_rand.h
Symlinking /home/martinelli/WidowX_XM430_Robot_Turret/catkin_ws/devel/include/pckg/track_frameRequest.h
Symlinking /home/martinelli/WidowX_XM430_Robot_Turret/catkin_ws/devel/include/pckg/move_pos_trajResponse.h
Symlinking /home/martinelli/WidowX_XM430_Robot_Turret/catkin_ws/devel/include/pckg/move_pos_group.h
Symlinking /home/martinelli/WidowX_XM430_Robot_Turret/catkin_ws/devel/include/pckg/move_pos_trajRequest.h
Symlinking /home/martinelli/WidowX_XM430_Robot_Turret/catkin_ws/devel/include/pckg/move_pos_simuResponse.h
Symlinking /home/martinelli/WidowX_XM430_Robot_Turret/catkin_ws/devel/include/pckg/move_pos_simu.h
Symlinking /home/martinelli/WidowX_XM430_Robot_Turret/catkin_ws/devel/include/pckg/move_pos_singleRequest.h
Symlinking /home/martinelli/WidowX_XM430_Robot_Turret/catkin_ws/devel/include/pckg/move_pos_singleResponse.h
Symlinking /home/martinelli/WidowX_XM430_Robot_Turret/catkin_ws/devel/include/pckg/move_pos_simu_randRequest.h
Symlinking /home/martinelli/WidowX_XM430_Robot_Turret/catkin_ws/devel/include/pckg/track_coord.h
Symlinking /home/martinelli/WidowX_XM430_Robot_Turret/catkin_ws/devel/include/pckg/track_coordResponse.h
Symlinking /home/martinelli/WidowX_XM430_Robot_Turret/catkin_ws/devel/include/pckg/move_pos_traj.h
Symlinking /home/martinelli/WidowX_XM430_Robot_Turret/catkin_ws/devel/share/pckg/cmake/pckgConfig-version.cmake
Symlinking /home/martinelli/WidowX_XM430_Robot_Turret/catkin_ws/devel/share/pckg/cmake/pckgConfig.cmake
Symlinking /home/martinelli/WidowX_XM430_Robot_Turret/catkin_ws/devel/share/pckg/cmake/pckg-msg-paths.cmake
Symlinking /home/martinelli/WidowX_XM430_Robot_Turret/catkin_ws/devel/share/pckg/cmake/pckg-msg-extras.cmake
Symlinking /home/martinelli/WidowX_XM430_Robot_Turret/catkin_ws/devel/share/roseus/ros/pckg/manifest.l
Symlinking /home/martinelli/WidowX_XM430_Robot_Turret/catkin_ws/devel/share/roseus/ros/pckg/srv/track_frame.l
Symlinking /home/martinelli/WidowX_XM430_Robot_Turret/catkin_ws/devel/share/roseus/ros/pckg/srv/move_pos_traj.l
Symlinking /home/martinelli/WidowX_XM430_Robot_Turret/catkin_ws/devel/share/roseus/ros/pckg/srv/move_pos_single.l
Symlinking /home/martinelli/WidowX_XM430_Robot_Turret/catkin_ws/devel/share/roseus/ros/pckg/srv/track_coord.l
Symlinking /home/martinelli/WidowX_XM430_Robot_Turret/catkin_ws/devel/share/roseus/ros/pckg/srv/move_pos_simu.l
Symlinking /home/martinelli/WidowX_XM430_Robot_Turret/catkin_ws/devel/share/roseus/ros/pckg/srv/move_pos_simu_rand.l
Symlinking /home/martinelli/WidowX_XM430_Robot_Turret/catkin_ws/devel/share/roseus/ros/pckg/srv/move_pos_group.l
Symlinking /home/martinelli/WidowX_XM430_Robot_Turret/catkin_ws/devel/share/gennodejs/ros/pckg/_index.js
Symlinking /home/martinelli/WidowX_XM430_Robot_Turret/catkin_ws/devel/share/gennodejs/ros/pckg/srv/move_pos_simu_rand.js
Symlinking /home/martinelli/WidowX_XM430_Robot_Turret/catkin_ws/devel/share/gennodejs/ros/pckg/srv/track_coord.js
Symlinking /home/martinelli/WidowX_XM430_Robot_Turret/catkin_ws/devel/share/gennodejs/ros/pckg/srv/track_frame.js
Symlinking /home/martinelli/WidowX_XM430_Robot_Turret/catkin_ws/devel/share/gennodejs/ros/pckg/srv/_index.js
Symlinking /home/martinelli/WidowX_XM430_Robot_Turret/catkin_ws/devel/share/gennodejs/ros/pckg/srv/move_pos_traj.js
Symlinking /home/martinelli/WidowX_XM430_Robot_Turret/catkin_ws/devel/share/gennodejs/ros/pckg/srv/move_pos_single.js
Symlinking /home/martinelli/WidowX_XM430_Robot_Turret/catkin_ws/devel/share/gennodejs/ros/pckg/srv/move_pos_group.js
Symlinking /home/martinelli/WidowX_XM430_Robot_Turret/catkin_ws/devel/share/gennodejs/ros/pckg/srv/move_pos_simu.js
Symlinking /home/martinelli/WidowX_XM430_Robot_Turret/catkin_ws/devel/share/common-lisp/ros/pckg/srv/track_coord.lisp
Symlinking /home/martinelli/WidowX_XM430_Robot_Turret/catkin_ws/devel/share/common-lisp/ros/pckg/srv/_package_track_frame.lisp
Symlinking /home/martinelli/WidowX_XM430_Robot_Turret/catkin_ws/devel/share/common-lisp/ros/pckg/srv/_package_move_pos_single.lisp
Symlinking /home/martinelli/WidowX_XM430_Robot_Turret/catkin_ws/devel/share/common-lisp/ros/pckg/srv/_package.lisp
Symlinking /home/martinelli/WidowX_XM430_Robot_Turret/catkin_ws/devel/share/common-lisp/ros/pckg/srv/move_pos_traj.lisp
Symlinking /home/martinelli/WidowX_XM430_Robot_Turret/catkin_ws/devel/share/common-lisp/ros/pckg/srv/_package_move_pos_simu.lisp
Symlinking /home/martinelli/WidowX_XM430_Robot_Turret/catkin_ws/devel/share/common-lisp/ros/pckg/srv/pckg-srv.asd
Symlinking /home/martinelli/WidowX_XM430_Robot_Turret/catkin_ws/devel/share/common-lisp/ros/pckg/srv/track_frame.lisp
Symlinking /home/martinelli/WidowX_XM430_Robot_Turret/catkin_ws/devel/share/common-lisp/ros/pckg/srv/move_pos_simu_rand.lisp
Symlinking /home/martinelli/WidowX_XM430_Robot_Turret/catkin_ws/devel/share/common-lisp/ros/pckg/srv/_package_track_coord.lisp
Symlinking /home/martinelli/WidowX_XM430_Robot_Turret/catkin_ws/devel/share/common-lisp/ros/pckg/srv/move_pos_single.lisp
Symlinking /home/martinelli/WidowX_XM430_Robot_Turret/catkin_ws/devel/share/common-lisp/ros/pckg/srv/move_pos_group.lisp
Symlinking /home/martinelli/WidowX_XM430_Robot_Turret/catkin_ws/devel/share/common-lisp/ros/pckg/srv/_package_move_pos_simu_rand.lisp
Symlinking /home/martinelli/WidowX_XM430_Robot_Turret/catkin_ws/devel/share/common-lisp/ros/pckg/srv/_package_move_pos_traj.lisp
Symlinking /home/martinelli/WidowX_XM430_Robot_Turret/catkin_ws/devel/share/common-lisp/ros/pckg/srv/move_pos_simu.lisp
Symlinking /home/martinelli/WidowX_XM430_Robot_Turret/catkin_ws/devel/share/common-lisp/ros/pckg/srv/_package_move_pos_group.lisp
