[35m[1mScanning dependencies of target bench_streams[0m
[35m[1mScanning dependencies of target bench_files[0m
[35m[1mScanning dependencies of target bench_snooze[0m
[35m[1mScanning dependencies of target bench_containers[0m
[35m[1mScanning dependencies of target bench_exceptions[0m
[35m[1mScanning dependencies of target bench_eigen3_decompositions[0m
[35m[1mScanning dependencies of target bench_eigen3_transforms[0m
[35m[1mScanning dependencies of target bench_flops[0m
[35m[1mScanning dependencies of target bench_string_conversions[0m
[35m[1mScanning dependencies of target ecl_process_statistics[0m
[35m[1mScanning dependencies of target bench_eigen3_inverse[0m
[  2%] [32mBuilding CXX object src/utils/CMakeFiles/ecl_process_statistics.dir/process_statistics.cpp.o[0m
[  5%] [32mBuilding CXX object src/benchmarks/CMakeFiles/bench_snooze.dir/snooze.cpp.o[0m
[  8%] [32mBuilding CXX object src/benchmarks/CMakeFiles/bench_containers.dir/containers.cpp.o[0m
[ 11%] [32mBuilding CXX object src/benchmarks/CMakeFiles/bench_files.dir/files.cpp.o[0m
[ 14%] [32mBuilding CXX object src/benchmarks/CMakeFiles/bench_streams.dir/streams.cpp.o[0m
[ 17%] [32mBuilding CXX object src/benchmarks/CMakeFiles/bench_exceptions.dir/exceptions.cpp.o[0m
[ 20%] [32mBuilding CXX object src/benchmarks/CMakeFiles/bench_string_conversions.dir/string_conversions.cpp.o[0m
[ 23%] [32mBuilding CXX object src/benchmarks/CMakeFiles/bench_flops.dir/flops.cpp.o[0m
[ 26%] [32mBuilding CXX object src/benchmarks/CMakeFiles/bench_eigen3_decompositions.dir/eigen3_decompositions.cpp.o[0m
[ 29%] [32mBuilding CXX object src/benchmarks/CMakeFiles/bench_eigen3_inverse.dir/eigen3_inverse.cpp.o[0m
[ 32%] [32mBuilding CXX object src/benchmarks/CMakeFiles/bench_eigen3_transforms.dir/eigen3_transforms.cpp.o[0m
[ 35%] [32m[1mLinking CXX executable /home/martinelli/WidowX_XM430_Robot_Turret/catkin_ws/devel/.private/ecl_core_apps/lib/ecl_core_apps/ecl_process_statistics[0m
[ 35%] Built target ecl_process_statistics
[35m[1mScanning dependencies of target ecl_hex[0m
[ 38%] [32m[1mLinking CXX executable /home/martinelli/WidowX_XM430_Robot_Turret/catkin_ws/devel/.private/ecl_core_apps/lib/ecl_core_apps/bench_exceptions[0m
[ 41%] [32mBuilding CXX object src/utils/CMakeFiles/ecl_hex.dir/hex.cpp.o[0m
[ 44%] [32m[1mLinking CXX executable /home/martinelli/WidowX_XM430_Robot_Turret/catkin_ws/devel/.private/ecl_core_apps/lib/ecl_core_apps/bench_snooze[0m
[ 44%] Built target bench_exceptions
[35m[1mScanning dependencies of target ecl_socket_server[0m
[ 47%] [32m[1mLinking CXX executable /home/martinelli/WidowX_XM430_Robot_Turret/catkin_ws/devel/.private/ecl_core_apps/lib/ecl_core_apps/bench_string_conversions[0m
[ 47%] Built target bench_snooze
[ 50%] [32mBuilding CXX object src/utils/CMakeFiles/ecl_socket_server.dir/socket_server.cpp.o[0m
[35m[1mScanning dependencies of target ecl_serial[0m
[ 52%] [32mBuilding CXX object src/utils/CMakeFiles/ecl_serial.dir/serial.cpp.o[0m
[ 55%] [32m[1mLinking CXX executable /home/martinelli/WidowX_XM430_Robot_Turret/catkin_ws/devel/.private/ecl_core_apps/lib/ecl_core_apps/bench_containers[0m
[ 58%] [32m[1mLinking CXX executable /home/martinelli/WidowX_XM430_Robot_Turret/catkin_ws/devel/.private/ecl_core_apps/lib/ecl_core_apps/bench_files[0m
[ 58%] Built target bench_string_conversions
[35m[1mScanning dependencies of target ecl_yaw2quaternion[0m
[ 61%] [32m[1mLinking CXX executable /home/martinelli/WidowX_XM430_Robot_Turret/catkin_ws/devel/.private/ecl_core_apps/lib/ecl_core_apps/bench_streams[0m
[ 64%] [32mBuilding CXX object src/utils/CMakeFiles/ecl_yaw2quaternion.dir/yaw2quaternion.cpp.o[0m
[ 64%] Built target bench_containers
[35m[1mScanning dependencies of target ecl_quaternion2yaw[0m
[ 64%] Built target bench_files
[ 64%] Built target bench_streams
[35m[1mScanning dependencies of target ecl_socket_client[0m
[ 67%] [32mBuilding CXX object src/utils/CMakeFiles/ecl_quaternion2yaw.dir/quaternion2yaw.cpp.o[0m
[ 70%] [32mBuilding CXX object src/utils/CMakeFiles/ecl_socket_client.dir/socket_client.cpp.o[0m
[ 73%] [32m[1mLinking CXX executable /home/martinelli/WidowX_XM430_Robot_Turret/catkin_ws/devel/.private/ecl_core_apps/lib/ecl_core_apps/bench_flops[0m
[ 73%] Built target bench_flops
[ 76%] [32m[1mLinking CXX executable /home/martinelli/WidowX_XM430_Robot_Turret/catkin_ws/devel/.private/ecl_core_apps/lib/ecl_core_apps/ecl_hex[0m
[ 79%] [32m[1mLinking CXX executable /home/martinelli/WidowX_XM430_Robot_Turret/catkin_ws/devel/.private/ecl_core_apps/lib/ecl_core_apps/ecl_socket_server[0m
[ 79%] Built target ecl_hex
[ 79%] Built target ecl_socket_server
[ 82%] [32m[1mLinking CXX executable /home/martinelli/WidowX_XM430_Robot_Turret/catkin_ws/devel/.private/ecl_core_apps/lib/ecl_core_apps/ecl_serial[0m
[ 82%] Built target ecl_serial
[ 85%] [32m[1mLinking CXX executable /home/martinelli/WidowX_XM430_Robot_Turret/catkin_ws/devel/.private/ecl_core_apps/lib/ecl_core_apps/ecl_socket_client[0m
[ 85%] Built target ecl_socket_client
[ 88%] [32m[1mLinking CXX executable /home/martinelli/WidowX_XM430_Robot_Turret/catkin_ws/devel/.private/ecl_core_apps/bin/ecl_quaternion2yaw[0m
[ 88%] Built target ecl_quaternion2yaw
[ 91%] [32m[1mLinking CXX executable /home/martinelli/WidowX_XM430_Robot_Turret/catkin_ws/devel/.private/ecl_core_apps/bin/ecl_yaw2quaternion[0m
[ 91%] Built target ecl_yaw2quaternion
[ 94%] [32m[1mLinking CXX executable /home/martinelli/WidowX_XM430_Robot_Turret/catkin_ws/devel/.private/ecl_core_apps/lib/ecl_core_apps/bench_eigen3_inverse[0m
[ 94%] Built target bench_eigen3_inverse
[ 97%] [32m[1mLinking CXX executable /home/martinelli/WidowX_XM430_Robot_Turret/catkin_ws/devel/.private/ecl_core_apps/lib/ecl_core_apps/bench_eigen3_transforms[0m
[ 97%] Built target bench_eigen3_transforms
[100%] [32m[1mLinking CXX executable /home/martinelli/WidowX_XM430_Robot_Turret/catkin_ws/devel/.private/ecl_core_apps/lib/ecl_core_apps/bench_eigen3_decompositions[0m
[100%] Built target bench_eigen3_decompositions
