[  0%] Built target std_srvs_generate_messages_eus
[  0%] Built target _yocs_msgs_generate_messages_check_deps_WaypointListService
[  0%] Built target _yocs_msgs_generate_messages_check_deps_LocalizeFeedback
[  0%] Built target _yocs_msgs_generate_messages_check_deps_LocalizeResult
[  0%] Built target _yocs_msgs_generate_messages_check_deps_Column
[  0%] Built target _yocs_msgs_generate_messages_check_deps_NavigationControlStatus
[  0%] Built target _yocs_msgs_generate_messages_check_deps_NavigationControl
[  0%] Built target _yocs_msgs_generate_messages_check_deps_NavigateToActionResult
[  0%] Built target actionlib_msgs_generate_messages_eus
[  0%] Built target _yocs_msgs_generate_messages_check_deps_ColumnList
[  0%] Built target _yocs_msgs_generate_messages_check_deps_LocalizeActionResult
[  0%] Built target std_msgs_generate_messages_eus
[  0%] Built target _yocs_msgs_generate_messages_check_deps_NavigateToActionFeedback
[  0%] Built target _yocs_msgs_generate_messages_check_deps_NavigateToActionGoal
[  0%] Built target geometry_msgs_generate_messages_eus
[  0%] Built target _yocs_msgs_generate_messages_check_deps_WallList
[  0%] Built target _yocs_msgs_generate_messages_check_deps_ARPair
[  0%] Built target _yocs_msgs_generate_messages_check_deps_NavigateToResult
[  0%] Built target _yocs_msgs_generate_messages_check_deps_NavigateToFeedback
[  0%] Built target _yocs_msgs_generate_messages_check_deps_ARPairList
[  0%] Built target _yocs_msgs_generate_messages_check_deps_Wall
[  0%] Built target _yocs_msgs_generate_messages_check_deps_Table
[  0%] Built target _yocs_msgs_generate_messages_check_deps_TableList
[  0%] Built target _yocs_msgs_generate_messages_check_deps_Trajectory
[  0%] Built target _yocs_msgs_generate_messages_check_deps_Waypoint
[  0%] Built target _yocs_msgs_generate_messages_check_deps_MagicButton
[  0%] Built target _yocs_msgs_generate_messages_check_deps_NavigateToGoal
[  0%] Built target _yocs_msgs_generate_messages_check_deps_WaypointList
[  0%] Built target _yocs_msgs_generate_messages_check_deps_NavigateToAction
[  0%] Built target _yocs_msgs_generate_messages_check_deps_TrajectoryList
[  0%] Built target _yocs_msgs_generate_messages_check_deps_DockingInteractorActionGoal
[  0%] Built target _yocs_msgs_generate_messages_check_deps_DockingInteractorAction
[  0%] Built target _yocs_msgs_generate_messages_check_deps_LocalizeGoal
[  0%] Built target _yocs_msgs_generate_messages_check_deps_DockingInteractorActionFeedback
[  0%] Built target _yocs_msgs_generate_messages_check_deps_DockingInteractorActionResult
[  0%] Built target _yocs_msgs_generate_messages_check_deps_LocalizeActionFeedback
[  0%] Built target _yocs_msgs_generate_messages_check_deps_LocalizeActionGoal
[  0%] Built target _yocs_msgs_generate_messages_check_deps_DockingInteractorFeedback
[  0%] Built target _yocs_msgs_generate_messages_check_deps_LocalizeAction
[  0%] Built target _yocs_msgs_generate_messages_check_deps_DockingInteractorResult
[  0%] Built target std_msgs_generate_messages_nodejs
[  0%] Built target _yocs_msgs_generate_messages_check_deps_DockingInteractorGoal
[  0%] Built target std_srvs_generate_messages_nodejs
[  0%] Built target geometry_msgs_generate_messages_nodejs
[  0%] Built target actionlib_msgs_generate_messages_nodejs
[  0%] Built target std_srvs_generate_messages_lisp
[  0%] Built target std_msgs_generate_messages_lisp
[  0%] Built target geometry_msgs_generate_messages_lisp
[  0%] Built target actionlib_msgs_generate_messages_lisp
[  0%] Built target actionlib_msgs_generate_messages_cpp
[  0%] Built target std_srvs_generate_messages_cpp
[  0%] Built target std_msgs_generate_messages_cpp
[  0%] Built target geometry_msgs_generate_messages_cpp
[  0%] Built target actionlib_msgs_generate_messages_py
[  0%] Built target geometry_msgs_generate_messages_py
[  0%] Built target std_msgs_generate_messages_py
[  0%] Built target std_srvs_generate_messages_py
[  0%] Built target yocs_msgs_gencfg
[ 19%] Built target yocs_msgs_generate_messages_eus
[ 39%] Built target yocs_msgs_generate_messages_nodejs
[ 59%] Built target yocs_msgs_generate_messages_lisp
[ 79%] Built target yocs_msgs_generate_messages_cpp
[100%] Built target yocs_msgs_generate_messages_py
[100%] Built target yocs_msgs_generate_messages
