Not searching for unused variables given on the command line.
[36m--[0m The C compiler identification is GNU 9.4.0
[36m--[0m The CXX compiler identification is GNU 9.4.0
[36m--[0m Check for working C compiler: /usr/bin/cc
[36m--[0m Check for working C compiler: /usr/bin/cc -- works
[36m--[0m Detecting C compiler ABI info
[36m--[0m Detecting C compiler ABI info - done
[36m--[0m Detecting C compile features
[36m--[0m Detecting C compile features - done
[36m--[0m Check for working CXX compiler: /usr/bin/c++
[36m--[0m Check for working CXX compiler: /usr/bin/c++ -- works
[36m--[0m Detecting CXX compiler ABI info
[36m--[0m Detecting CXX compiler ABI info - done
[36m--[0m Detecting CXX compile features
[36m--[0m Detecting CXX compile features - done
[36m--[0m Using CATKIN_DEVEL_PREFIX: /home/martinelli/WidowX_XM430_Robot_Turret/catkin_ws/devel/.private/ecl_config
[36m--[0m Using CMAKE_PREFIX_PATH: /home/martinelli/WidowX_XM430_Robot_Turret/catkin_ws/devel;/opt/ros/noetic
[36m--[0m This workspace overlays: /home/martinelli/WidowX_XM430_Robot_Turret/catkin_ws/devel;/opt/ros/noetic
[36m--[0m Found PythonInterp: /usr/bin/python3 (found suitable version "3.8.10", minimum required is "3")
[36m--[0m Using PYTHON_EXECUTABLE: /usr/bin/python3
[36m--[0m Using Debian Python package layout
[36m--[0m Found PY_em: /usr/lib/python3/dist-packages/em.py
[36m--[0m Using empy: /usr/lib/python3/dist-packages/em.py
[36m--[0m Using CATKIN_ENABLE_TESTING: ON
[36m--[0m Call enable_testing()
[36m--[0m Using CATKIN_TEST_RESULTS_DIR: /home/martinelli/WidowX_XM430_Robot_Turret/catkin_ws/build/ecl_config/test_results
[36m--[0m Forcing gtest/gmock from source, though one was otherwise available.
[36m--[0m Found gtest sources under '/usr/src/googletest': gtests will be built
[36m--[0m Found gmock sources under '/usr/src/googletest': gmock will be built
[36m--[0m Found PythonInterp: /usr/bin/python3 (found version "3.8.10")
[36m--[0m Found Threads: TRUE
[36m--[0m Using Python nosetests: /usr/bin/nosetests3
[36m--[0m catkin 0.8.10
[36m--[0m BUILD_SHARED_LIBS is on
[36m--[0m Looking for _POSIX_VERSION
[36m--[0m Looking for _POSIX_VERSION - found
[36m--[0m Looking for realpath in rt
[36m--[0m Looking for realpath in rt - found
[36m--[0m Looking for clock_nanosleep in rt
[36m--[0m Looking for clock_nanosleep in rt - found
[36m--[0m Looking for clock_gettime in rt
[36m--[0m Looking for clock_gettime in rt - found
[36m--[0m Looking for pthread_mutex_timedlock in pthread
[36m--[0m Looking for pthread_mutex_timedlock in pthread - found
[36m--[0m Looking for nanosleep in pthread
[36m--[0m Looking for nanosleep in pthread - found
[36m--[0m Looking for shm_open in rt
[36m--[0m Looking for shm_open in rt - found
[36m--[0m Looking for sched_setscheduler in pthread
[36m--[0m Looking for sched_setscheduler in pthread - found
[36m--[0m Looking for sem_timedwait in pthread
[36m--[0m Looking for sem_timedwait in pthread - found
[36m--[0m Looking for sem_init in pthread
[36m--[0m Looking for sem_init in pthread - found
[36m--[0m Looking for CLOCK_MONOTONIC
[36m--[0m Looking for CLOCK_MONOTONIC - found
[36m--[0m Looking for CLOCK_PROCESS_CPUTIME_ID
[36m--[0m Looking for CLOCK_PROCESS_CPUTIME_ID - found
[36m--[0m Looking for sys/types.h
[36m--[0m Looking for sys/types.h - found
[36m--[0m Looking for stdint.h
[36m--[0m Looking for stdint.h - found
[36m--[0m Looking for stddef.h
[36m--[0m Looking for stddef.h - found
[36m--[0m Check size of char
[36m--[0m Check size of char - done
[36m--[0m Check size of short
[36m--[0m Check size of short - done
[36m--[0m Check size of int
[36m--[0m Check size of int - done
[36m--[0m Check size of long
[36m--[0m Check size of long - done
[36m--[0m Check size of long long
[36m--[0m Check size of long long - done
[36m--[0m Check size of float
[36m--[0m Check size of float - done
[36m--[0m Check size of double
[36m--[0m Check size of double - done
[36m--[0m Check size of long double
[36m--[0m Check size of long double - done
[36m--[0m Check if the system is big endian
[36m--[0m Searching 16 bit integer
[36m--[0m Check size of unsigned short
[36m--[0m Check size of unsigned short - done
[36m--[0m Using unsigned short
[36m--[0m Check if the system is big endian - little endian
[36m--[0m -------------------------------------------------------------------
[36m--[0m Platform Summary
[36m--[0m -------------------------------------------------------------------
--
[36m--[0m System type.....................posix
[36m--[0m Operating System................Linux-5.15.0-79-generic
[36m--[0m Timer model.....................real-time
[36m--[0m Thread model....................posix
[36m--[0m Size of char....................1
[36m--[0m Size of short...................2
[36m--[0m Size of int.....................4
[36m--[0m Size of long....................8
[36m--[0m Size of long long...............8
[36m--[0m Size of float...................4
[36m--[0m Size of double..................8
[36m--[0m Size of long double.............16
[36m--[0m Size of pointer.................64-bit
[36m--[0m Endianness......................little-endian
--
[36m--[0m -------------------------------------------------------------------
[36m--[0m Posix Specifications
[36m--[0m -------------------------------------------------------------------
--
[36m--[0m Clock selection.................yes
[36m--[0m Monotonic clock.................yes
[36m--[0m Priority scheduling.............yes
[36m--[0m Semaphores......................yes
[36m--[0m Shared memory objects...........yes
[36m--[0m Timers..........................yes
[36m--[0m Timeouts........................yes
[36m--[0m  - clock_gettime................yes
[36m--[0m  - clock_nanosleep..............yes
[36m--[0m  - nanosleep....................yes
[36m--[0m  - pthread_mutex_timedlock......yes
[36m--[0m  - sched_setscheduler...........yes
[36m--[0m  - sem_init.....................yes
[36m--[0m  - sem_timedwait................yes
[36m--[0m  - shm_open.....................yes
--
[36m--[0m -------------------------------------------------------------------
[36m--[0m Build Environment
[36m--[0m -------------------------------------------------------------------
--
[36m--[0m Compiler......................../usr/bin/c++
[36m--[0m  - version......................9.4.0
--
[36m--[0m Configuring done
[36m--[0m Generating done
[36m--[0m Build files have been written to: /home/martinelli/WidowX_XM430_Robot_Turret/catkin_ws/build/ecl_config
