Symlinking /home/martinelli/WidowX_XM430_Robot_Turret/catkin_ws/devel/lib/pkgconfig/turtlebot_msgs.pc
Symlinking /home/martinelli/WidowX_XM430_Robot_Turret/catkin_ws/devel/lib/python3/dist-packages/turtlebot_msgs/__init__.py
Symlinking /home/martinelli/WidowX_XM430_Robot_Turret/catkin_ws/devel/lib/python3/dist-packages/turtlebot_msgs/msg/__init__.py
Symlinking /home/martinelli/WidowX_XM430_Robot_Turret/catkin_ws/devel/lib/python3/dist-packages/turtlebot_msgs/msg/_PanoramaImg.py
Symlinking /home/martinelli/WidowX_XM430_Robot_Turret/catkin_ws/devel/lib/python3/dist-packages/turtlebot_msgs/srv/__init__.py
Symlinking /home/martinelli/WidowX_XM430_Robot_Turret/catkin_ws/devel/lib/python3/dist-packages/turtlebot_msgs/srv/_SetFollowState.py
Symlinking /home/martinelli/WidowX_XM430_Robot_Turret/catkin_ws/devel/lib/python3/dist-packages/turtlebot_msgs/srv/_TakePanorama.py
Symlinking /home/martinelli/WidowX_XM430_Robot_Turret/catkin_ws/devel/include/turtlebot_msgs/PanoramaImg.h
Symlinking /home/martinelli/WidowX_XM430_Robot_Turret/catkin_ws/devel/include/turtlebot_msgs/TakePanorama.h
Symlinking /home/martinelli/WidowX_XM430_Robot_Turret/catkin_ws/devel/include/turtlebot_msgs/TakePanoramaRequest.h
Symlinking /home/martinelli/WidowX_XM430_Robot_Turret/catkin_ws/devel/include/turtlebot_msgs/SetFollowStateRequest.h
Symlinking /home/martinelli/WidowX_XM430_Robot_Turret/catkin_ws/devel/include/turtlebot_msgs/TakePanoramaResponse.h
Symlinking /home/martinelli/WidowX_XM430_Robot_Turret/catkin_ws/devel/include/turtlebot_msgs/SetFollowStateResponse.h
Symlinking /home/martinelli/WidowX_XM430_Robot_Turret/catkin_ws/devel/include/turtlebot_msgs/SetFollowState.h
Symlinking /home/martinelli/WidowX_XM430_Robot_Turret/catkin_ws/devel/share/turtlebot_msgs/cmake/turtlebot_msgs-msg-paths.cmake
Symlinking /home/martinelli/WidowX_XM430_Robot_Turret/catkin_ws/devel/share/turtlebot_msgs/cmake/turtlebot_msgsConfig.cmake
Symlinking /home/martinelli/WidowX_XM430_Robot_Turret/catkin_ws/devel/share/turtlebot_msgs/cmake/turtlebot_msgs-msg-extras.cmake
Symlinking /home/martinelli/WidowX_XM430_Robot_Turret/catkin_ws/devel/share/turtlebot_msgs/cmake/turtlebot_msgsConfig-version.cmake
Symlinking /home/martinelli/WidowX_XM430_Robot_Turret/catkin_ws/devel/share/roseus/ros/turtlebot_msgs/manifest.l
Symlinking /home/martinelli/WidowX_XM430_Robot_Turret/catkin_ws/devel/share/roseus/ros/turtlebot_msgs/msg/PanoramaImg.l
Symlinking /home/martinelli/WidowX_XM430_Robot_Turret/catkin_ws/devel/share/roseus/ros/turtlebot_msgs/srv/SetFollowState.l
Symlinking /home/martinelli/WidowX_XM430_Robot_Turret/catkin_ws/devel/share/roseus/ros/turtlebot_msgs/srv/TakePanorama.l
Symlinking /home/martinelli/WidowX_XM430_Robot_Turret/catkin_ws/devel/share/gennodejs/ros/turtlebot_msgs/_index.js
Symlinking /home/martinelli/WidowX_XM430_Robot_Turret/catkin_ws/devel/share/gennodejs/ros/turtlebot_msgs/msg/PanoramaImg.js
Symlinking /home/martinelli/WidowX_XM430_Robot_Turret/catkin_ws/devel/share/gennodejs/ros/turtlebot_msgs/msg/_index.js
Symlinking /home/martinelli/WidowX_XM430_Robot_Turret/catkin_ws/devel/share/gennodejs/ros/turtlebot_msgs/srv/TakePanorama.js
Symlinking /home/martinelli/WidowX_XM430_Robot_Turret/catkin_ws/devel/share/gennodejs/ros/turtlebot_msgs/srv/_index.js
Symlinking /home/martinelli/WidowX_XM430_Robot_Turret/catkin_ws/devel/share/gennodejs/ros/turtlebot_msgs/srv/SetFollowState.js
Symlinking /home/martinelli/WidowX_XM430_Robot_Turret/catkin_ws/devel/share/common-lisp/ros/turtlebot_msgs/msg/PanoramaImg.lisp
Symlinking /home/martinelli/WidowX_XM430_Robot_Turret/catkin_ws/devel/share/common-lisp/ros/turtlebot_msgs/msg/_package.lisp
Symlinking /home/martinelli/WidowX_XM430_Robot_Turret/catkin_ws/devel/share/common-lisp/ros/turtlebot_msgs/msg/_package_PanoramaImg.lisp
Symlinking /home/martinelli/WidowX_XM430_Robot_Turret/catkin_ws/devel/share/common-lisp/ros/turtlebot_msgs/msg/turtlebot_msgs-msg.asd
Symlinking /home/martinelli/WidowX_XM430_Robot_Turret/catkin_ws/devel/share/common-lisp/ros/turtlebot_msgs/srv/_package_SetFollowState.lisp
Symlinking /home/martinelli/WidowX_XM430_Robot_Turret/catkin_ws/devel/share/common-lisp/ros/turtlebot_msgs/srv/_package.lisp
Symlinking /home/martinelli/WidowX_XM430_Robot_Turret/catkin_ws/devel/share/common-lisp/ros/turtlebot_msgs/srv/_package_TakePanorama.lisp
Symlinking /home/martinelli/WidowX_XM430_Robot_Turret/catkin_ws/devel/share/common-lisp/ros/turtlebot_msgs/srv/SetFollowState.lisp
Symlinking /home/martinelli/WidowX_XM430_Robot_Turret/catkin_ws/devel/share/common-lisp/ros/turtlebot_msgs/srv/TakePanorama.lisp
Symlinking /home/martinelli/WidowX_XM430_Robot_Turret/catkin_ws/devel/share/common-lisp/ros/turtlebot_msgs/srv/turtlebot_msgs-srv.asd
