[35m[1mScanning dependencies of target _turtlebot_msgs_generate_messages_check_deps_SetFollowState[0m
[  0%] Built target _turtlebot_msgs_generate_messages_check_deps_SetFollowState
[35m[1mScanning dependencies of target sensor_msgs_generate_messages_cpp[0m
[35m[1mScanning dependencies of target _turtlebot_msgs_generate_messages_check_deps_PanoramaImg[0m
[35m[1mScanning dependencies of target std_msgs_generate_messages_cpp[0m
[  0%] Built target sensor_msgs_generate_messages_cpp
[35m[1mScanning dependencies of target _turtlebot_msgs_generate_messages_check_deps_TakePanorama[0m
[35m[1mScanning dependencies of target std_msgs_generate_messages_py[0m
[  0%] Built target std_msgs_generate_messages_cpp
[  0%] Built target std_msgs_generate_messages_py
[35m[1mScanning dependencies of target sensor_msgs_generate_messages_nodejs[0m
[35m[1mScanning dependencies of target sensor_msgs_generate_messages_py[0m
[  0%] Built target sensor_msgs_generate_messages_py
[  0%] Built target sensor_msgs_generate_messages_nodejs
[35m[1mScanning dependencies of target std_msgs_generate_messages_nodejs[0m
[  0%] Built target std_msgs_generate_messages_nodejs
[  0%] Built target _turtlebot_msgs_generate_messages_check_deps_PanoramaImg
[  0%] Built target _turtlebot_msgs_generate_messages_check_deps_TakePanorama
[35m[1mScanning dependencies of target sensor_msgs_generate_messages_eus[0m
[  0%] Built target sensor_msgs_generate_messages_eus
[35m[1mScanning dependencies of target std_msgs_generate_messages_eus[0m
[  0%] Built target std_msgs_generate_messages_eus
[35m[1mScanning dependencies of target std_msgs_generate_messages_lisp[0m
[  0%] Built target std_msgs_generate_messages_lisp
[35m[1mScanning dependencies of target sensor_msgs_generate_messages_lisp[0m
[  0%] Built target sensor_msgs_generate_messages_lisp
[35m[1mScanning dependencies of target turtlebot_msgs_generate_messages_cpp[0m
[  5%] [34m[1mGenerating C++ code from turtlebot_msgs/PanoramaImg.msg[0m
[35m[1mScanning dependencies of target turtlebot_msgs_generate_messages_py[0m
[ 11%] [34m[1mGenerating C++ code from turtlebot_msgs/TakePanorama.srv[0m
[ 16%] [34m[1mGenerating Python from MSG turtlebot_msgs/PanoramaImg[0m
[ 22%] [34m[1mGenerating Python code from SRV turtlebot_msgs/TakePanorama[0m
[ 27%] [34m[1mGenerating C++ code from turtlebot_msgs/SetFollowState.srv[0m
[ 33%] [34m[1mGenerating Python code from SRV turtlebot_msgs/SetFollowState[0m
[ 33%] Built target turtlebot_msgs_generate_messages_cpp
[35m[1mScanning dependencies of target turtlebot_msgs_generate_messages_nodejs[0m
[35m[1mScanning dependencies of target turtlebot_msgs_generate_messages_eus[0m
[ 38%] [34m[1mGenerating Javascript code from turtlebot_msgs/PanoramaImg.msg[0m
[ 44%] [34m[1mGenerating EusLisp code from turtlebot_msgs/PanoramaImg.msg[0m
[ 50%] [34m[1mGenerating Javascript code from turtlebot_msgs/TakePanorama.srv[0m
[ 55%] [34m[1mGenerating EusLisp code from turtlebot_msgs/TakePanorama.srv[0m
[ 61%] [34m[1mGenerating EusLisp code from turtlebot_msgs/SetFollowState.srv[0m
[ 66%] [34m[1mGenerating Python msg __init__.py for turtlebot_msgs[0m
[ 72%] [34m[1mGenerating Python srv __init__.py for turtlebot_msgs[0m
[ 77%] [34m[1mGenerating Javascript code from turtlebot_msgs/SetFollowState.srv[0m
[ 77%] Built target turtlebot_msgs_generate_messages_nodejs
[ 83%] [34m[1mGenerating EusLisp manifest code for turtlebot_msgs[0m
[35m[1mScanning dependencies of target turtlebot_msgs_generate_messages_lisp[0m
[ 88%] [34m[1mGenerating Lisp code from turtlebot_msgs/PanoramaImg.msg[0m
[ 94%] [34m[1mGenerating Lisp code from turtlebot_msgs/TakePanorama.srv[0m
[ 94%] Built target turtlebot_msgs_generate_messages_py
[100%] [34m[1mGenerating Lisp code from turtlebot_msgs/SetFollowState.srv[0m
[100%] Built target turtlebot_msgs_generate_messages_lisp
[100%] Built target turtlebot_msgs_generate_messages_eus
[35m[1mScanning dependencies of target turtlebot_msgs_generate_messages[0m
[100%] Built target turtlebot_msgs_generate_messages
