[  0%] Built target roscpp_generate_messages_nodejs
[  0%] Built target rosgraph_msgs_generate_messages_eus
[  0%] Built target std_msgs_generate_messages_py
[  0%] Built target std_msgs_generate_messages_eus
[  0%] Built target std_msgs_generate_messages_nodejs
[  0%] Built target rosgraph_msgs_generate_messages_cpp
[  0%] Built target roscpp_generate_messages_eus
[  0%] Built target rosgraph_msgs_generate_messages_lisp
[  0%] Built target roscpp_generate_messages_lisp
[  0%] Built target roscpp_generate_messages_py
[  0%] Built target rosgraph_msgs_generate_messages_py
[  0%] Built target roscpp_generate_messages_cpp
[  0%] Built target std_msgs_generate_messages_cpp
[  0%] Built target rosgraph_msgs_generate_messages_nodejs
[  0%] Built target _dynamixel_sdk_examples_generate_messages_check_deps_SetPosition
[  0%] Built target _dynamixel_sdk_examples_generate_messages_check_deps_BulkGetItem
[  0%] Built target std_msgs_generate_messages_lisp
[  0%] Built target _dynamixel_sdk_examples_generate_messages_check_deps_SyncSetPosition
[  0%] Built target _dynamixel_sdk_examples_generate_messages_check_deps_GetPosition
[  0%] Built target _dynamixel_sdk_examples_generate_messages_check_deps_SyncGetPosition
[  0%] Built target _dynamixel_sdk_examples_generate_messages_check_deps_BulkSetItem
[ 19%] Built target dynamixel_sdk_examples_generate_messages_py
[ 43%] Built target dynamixel_sdk_examples_generate_messages_nodejs
[ 56%] Built target dynamixel_sdk_examples_generate_messages_cpp
[ 80%] Built target dynamixel_sdk_examples_generate_messages_lisp
[ 80%] Built target dynamixel_sdk_examples_generate_messages_eus
[ 80%] Built target dynamixel_sdk_examples_generate_messages
[ 97%] Built target read_write_node
[ 97%] Built target indirect_address_node
[ 97%] Built target bulk_read_write_node
[100%] Built target sync_read_write_node
