[  0%] Built target rosgraph_msgs_generate_messages_eus
[  0%] Built target std_msgs_generate_messages_eus
[  0%] Built target std_msgs_generate_messages_py
[  0%] Built target rosgraph_msgs_generate_messages_cpp
[  0%] Built target std_msgs_generate_messages_nodejs
[  0%] Built target roscpp_generate_messages_nodejs
[  0%] Built target roscpp_generate_messages_eus
[  0%] Built target roscpp_generate_messages_cpp
[  0%] Built target _dynamixel_sdk_examples_generate_messages_check_deps_SyncSetPosition
[  0%] Built target roscpp_generate_messages_py
[  0%] Built target _dynamixel_sdk_examples_generate_messages_check_deps_SyncGetPosition
[  0%] Built target _dynamixel_sdk_examples_generate_messages_check_deps_BulkSetItem
[  0%] Built target _dynamixel_sdk_examples_generate_messages_check_deps_BulkGetItem
[  0%] Built target _dynamixel_sdk_examples_generate_messages_check_deps_SetPosition
[  0%] Built target _dynamixel_sdk_examples_generate_messages_check_deps_GetPosition
[  0%] Built target rosgraph_msgs_generate_messages_py
[  0%] Built target rosgraph_msgs_generate_messages_lisp
[  0%] Built target std_msgs_generate_messages_cpp
[  0%] Built target rosgraph_msgs_generate_messages_nodejs
[  0%] Built target roscpp_generate_messages_lisp
[  0%] Built target std_msgs_generate_messages_lisp
[ 19%] Built target dynamixel_sdk_examples_generate_messages_py
[ 36%] Built target dynamixel_sdk_examples_generate_messages_eus
[ 51%] Built target dynamixel_sdk_examples_generate_messages_nodejs
[ 65%] Built target dynamixel_sdk_examples_generate_messages_cpp
[ 80%] Built target dynamixel_sdk_examples_generate_messages_lisp
[ 85%] Built target indirect_address_node
[ 85%] Built target dynamixel_sdk_examples_generate_messages
[ 90%] Built target bulk_read_write_node
[ 95%] Built target sync_read_write_node
[100%] Built target read_write_node
