Not searching for unused variables given on the command line.
[36m--[0m The C compiler identification is GNU 9.4.0
[36m--[0m The CXX compiler identification is GNU 9.4.0
[36m--[0m Check for working C compiler: /usr/bin/cc
[36m--[0m Check for working C compiler: /usr/bin/cc -- works
[36m--[0m Detecting C compiler ABI info
[36m--[0m Detecting C compiler ABI info - done
[36m--[0m Detecting C compile features
[36m--[0m Detecting C compile features - done
[36m--[0m Check for working CXX compiler: /usr/bin/c++
[36m--[0m Check for working CXX compiler: /usr/bin/c++ -- works
[36m--[0m Detecting CXX compiler ABI info
[36m--[0m Detecting CXX compiler ABI info - done
[36m--[0m Detecting CXX compile features
[36m--[0m Detecting CXX compile features - done
[36m--[0m Using CATKIN_DEVEL_PREFIX: /home/martinelli/WidowX_XM430_Robot_Turret/catkin_ws/devel/.private/turtlebot_actions
[36m--[0m Using CMAKE_PREFIX_PATH: /home/martinelli/WidowX_XM430_Robot_Turret/catkin_ws/devel;/opt/ros/noetic
[36m--[0m This workspace overlays: /home/martinelli/WidowX_XM430_Robot_Turret/catkin_ws/devel;/opt/ros/noetic
[36m--[0m Found PythonInterp: /usr/bin/python3 (found suitable version "3.8.10", minimum required is "3")
[36m--[0m Using PYTHON_EXECUTABLE: /usr/bin/python3
[36m--[0m Using Debian Python package layout
[36m--[0m Found PY_em: /usr/lib/python3/dist-packages/em.py
[36m--[0m Using empy: /usr/lib/python3/dist-packages/em.py
[36m--[0m Using CATKIN_ENABLE_TESTING: ON
[36m--[0m Call enable_testing()
[36m--[0m Using CATKIN_TEST_RESULTS_DIR: /home/martinelli/WidowX_XM430_Robot_Turret/catkin_ws/build/turtlebot_actions/test_results
[36m--[0m Forcing gtest/gmock from source, though one was otherwise available.
[36m--[0m Found gtest sources under '/usr/src/googletest': gtests will be built
[36m--[0m Found gmock sources under '/usr/src/googletest': gmock will be built
[36m--[0m Found PythonInterp: /usr/bin/python3 (found version "3.8.10")
[36m--[0m Found Threads: TRUE
[36m--[0m Using Python nosetests: /usr/bin/nosetests3
[36m--[0m catkin 0.8.10
[36m--[0m BUILD_SHARED_LIBS is on
[36m--[0m Using these message generators: gencpp;geneus;genlisp;gennodejs;genpy
[36m--[0m Found Boost: /usr/lib/x86_64-linux-gnu/cmake/Boost-1.71.0/BoostConfig.cmake (found version "1.71.0") found components: system
[36m--[0m Found PkgConfig: /usr/bin/pkg-config (found version "0.29.1")
[36m--[0m Checking for module 'eigen3'
[36m--[0m   Found eigen3, version 3.3.7
[33m[1mCMake Warning[0m at /opt/ros/noetic/share/cmake_modules/cmake/Modules/FindEigen.cmake:62 (message):
  The FindEigen.cmake Module in the cmake_modules package is deprecated.

  Please use the FindEigen3.cmake Module provided with Eigen.  Change
  instances of find_package(Eigen) to find_package(Eigen3).  Check the
  FindEigen3.cmake Module for the resulting CMake variable names.

[36mCall Stack (most recent call first):[0m
  CMakeLists.txt:8 (find_package)


[36m--[0m Found Eigen: /usr/include/eigen3
[36m--[0m Eigen found (include: /usr/include/eigen3)
[36m--[0m Found OpenCV: /usr (found version "4.2.0")
[36m--[0m Generating .msg files for action turtlebot_actions/FindFiducial /home/martinelli/WidowX_XM430_Robot_Turret/catkin_ws/src/Turtlebot_on_noetic/turtlebot_apps/turtlebot_actions/action/FindFiducial.action
Generating for action FindFiducial
[36m--[0m Generating .msg files for action turtlebot_actions/TurtlebotMove /home/martinelli/WidowX_XM430_Robot_Turret/catkin_ws/src/Turtlebot_on_noetic/turtlebot_apps/turtlebot_actions/action/TurtlebotMove.action
Generating for action TurtlebotMove
[36m--[0m turtlebot_actions: 14 messages, 0 services
[33m[1mCMake Warning[0m at /opt/ros/noetic/share/catkin/cmake/catkin_package.cmake:166 (message):
  catkin_package() DEPENDS on 'eigen' but neither 'eigen_INCLUDE_DIRS' nor
  'eigen_LIBRARIES' is defined.
[36mCall Stack (most recent call first):[0m
  /opt/ros/noetic/share/catkin/cmake/catkin_package.cmake:102 (_catkin_package)
  CMakeLists.txt:39 (catkin_package)


[33m[1mCMake Warning[0m at /opt/ros/noetic/share/catkin/cmake/catkin_package.cmake:166 (message):
  catkin_package() DEPENDS on 'opencv' but neither 'opencv_INCLUDE_DIRS' nor
  'opencv_LIBRARIES' is defined.
[36mCall Stack (most recent call first):[0m
  /opt/ros/noetic/share/catkin/cmake/catkin_package.cmake:102 (_catkin_package)
  CMakeLists.txt:39 (catkin_package)


[36m--[0m Configuring done
[36m--[0m Generating done
[36m--[0m Build files have been written to: /home/martinelli/WidowX_XM430_Robot_Turret/catkin_ws/build/turtlebot_actions
