Symlinking /home/martinelli/WidowX_XM430_Robot_Turret/catkin_ws/devel/lib/turtlebot_actions/turtlebot_move_action_server
Symlinking /home/martinelli/WidowX_XM430_Robot_Turret/catkin_ws/devel/lib/turtlebot_actions/find_fiducial_pose
Symlinking /home/martinelli/WidowX_XM430_Robot_Turret/catkin_ws/devel/lib/pkgconfig/turtlebot_actions.pc
Symlinking /home/martinelli/WidowX_XM430_Robot_Turret/catkin_ws/devel/lib/python3/dist-packages/turtlebot_actions/__init__.py
Symlinking /home/martinelli/WidowX_XM430_Robot_Turret/catkin_ws/devel/lib/python3/dist-packages/turtlebot_actions/msg/_FindFiducialActionGoal.py
Symlinking /home/martinelli/WidowX_XM430_Robot_Turret/catkin_ws/devel/lib/python3/dist-packages/turtlebot_actions/msg/__init__.py
Symlinking /home/martinelli/WidowX_XM430_Robot_Turret/catkin_ws/devel/lib/python3/dist-packages/turtlebot_actions/msg/_FindFiducialActionFeedback.py
Symlinking /home/martinelli/WidowX_XM430_Robot_Turret/catkin_ws/devel/lib/python3/dist-packages/turtlebot_actions/msg/_TurtlebotMoveActionGoal.py
Symlinking /home/martinelli/WidowX_XM430_Robot_Turret/catkin_ws/devel/lib/python3/dist-packages/turtlebot_actions/msg/_FindFiducialResult.py
Symlinking /home/martinelli/WidowX_XM430_Robot_Turret/catkin_ws/devel/lib/python3/dist-packages/turtlebot_actions/msg/_TurtlebotMoveActionFeedback.py
Symlinking /home/martinelli/WidowX_XM430_Robot_Turret/catkin_ws/devel/lib/python3/dist-packages/turtlebot_actions/msg/_TurtlebotMoveFeedback.py
Symlinking /home/martinelli/WidowX_XM430_Robot_Turret/catkin_ws/devel/lib/python3/dist-packages/turtlebot_actions/msg/_TurtlebotMoveAction.py
Symlinking /home/martinelli/WidowX_XM430_Robot_Turret/catkin_ws/devel/lib/python3/dist-packages/turtlebot_actions/msg/_TurtlebotMoveResult.py
Symlinking /home/martinelli/WidowX_XM430_Robot_Turret/catkin_ws/devel/lib/python3/dist-packages/turtlebot_actions/msg/_FindFiducialFeedback.py
Symlinking /home/martinelli/WidowX_XM430_Robot_Turret/catkin_ws/devel/lib/python3/dist-packages/turtlebot_actions/msg/_FindFiducialAction.py
Symlinking /home/martinelli/WidowX_XM430_Robot_Turret/catkin_ws/devel/lib/python3/dist-packages/turtlebot_actions/msg/_FindFiducialActionResult.py
Symlinking /home/martinelli/WidowX_XM430_Robot_Turret/catkin_ws/devel/lib/python3/dist-packages/turtlebot_actions/msg/_FindFiducialGoal.py
Symlinking /home/martinelli/WidowX_XM430_Robot_Turret/catkin_ws/devel/lib/python3/dist-packages/turtlebot_actions/msg/_TurtlebotMoveGoal.py
Symlinking /home/martinelli/WidowX_XM430_Robot_Turret/catkin_ws/devel/lib/python3/dist-packages/turtlebot_actions/msg/_TurtlebotMoveActionResult.py
Symlinking /home/martinelli/WidowX_XM430_Robot_Turret/catkin_ws/devel/include/turtlebot_actions/TurtlebotMoveResult.h
Symlinking /home/martinelli/WidowX_XM430_Robot_Turret/catkin_ws/devel/include/turtlebot_actions/TurtlebotMoveFeedback.h
Symlinking /home/martinelli/WidowX_XM430_Robot_Turret/catkin_ws/devel/include/turtlebot_actions/TurtlebotMoveActionGoal.h
Symlinking /home/martinelli/WidowX_XM430_Robot_Turret/catkin_ws/devel/include/turtlebot_actions/FindFiducialFeedback.h
Symlinking /home/martinelli/WidowX_XM430_Robot_Turret/catkin_ws/devel/include/turtlebot_actions/FindFiducialActionFeedback.h
Symlinking /home/martinelli/WidowX_XM430_Robot_Turret/catkin_ws/devel/include/turtlebot_actions/FindFiducialGoal.h
Symlinking /home/martinelli/WidowX_XM430_Robot_Turret/catkin_ws/devel/include/turtlebot_actions/FindFiducialAction.h
Symlinking /home/martinelli/WidowX_XM430_Robot_Turret/catkin_ws/devel/include/turtlebot_actions/FindFiducialActionResult.h
Symlinking /home/martinelli/WidowX_XM430_Robot_Turret/catkin_ws/devel/include/turtlebot_actions/TurtlebotMoveActionFeedback.h
Symlinking /home/martinelli/WidowX_XM430_Robot_Turret/catkin_ws/devel/include/turtlebot_actions/TurtlebotMoveActionResult.h
Symlinking /home/martinelli/WidowX_XM430_Robot_Turret/catkin_ws/devel/include/turtlebot_actions/TurtlebotMoveAction.h
Symlinking /home/martinelli/WidowX_XM430_Robot_Turret/catkin_ws/devel/include/turtlebot_actions/TurtlebotMoveGoal.h
Symlinking /home/martinelli/WidowX_XM430_Robot_Turret/catkin_ws/devel/include/turtlebot_actions/FindFiducialResult.h
Symlinking /home/martinelli/WidowX_XM430_Robot_Turret/catkin_ws/devel/include/turtlebot_actions/FindFiducialActionGoal.h
Symlinking /home/martinelli/WidowX_XM430_Robot_Turret/catkin_ws/devel/share/turtlebot_actions/cmake/turtlebot_actions-msg-paths.cmake
Symlinking /home/martinelli/WidowX_XM430_Robot_Turret/catkin_ws/devel/share/turtlebot_actions/cmake/turtlebot_actionsConfig.cmake
Symlinking /home/martinelli/WidowX_XM430_Robot_Turret/catkin_ws/devel/share/turtlebot_actions/cmake/turtlebot_actions-msg-extras.cmake
Symlinking /home/martinelli/WidowX_XM430_Robot_Turret/catkin_ws/devel/share/turtlebot_actions/cmake/turtlebot_actionsConfig-version.cmake
Symlinking /home/martinelli/WidowX_XM430_Robot_Turret/catkin_ws/devel/share/turtlebot_actions/msg/TurtlebotMoveResult.msg
Symlinking /home/martinelli/WidowX_XM430_Robot_Turret/catkin_ws/devel/share/turtlebot_actions/msg/FindFiducialAction.msg
Symlinking /home/martinelli/WidowX_XM430_Robot_Turret/catkin_ws/devel/share/turtlebot_actions/msg/FindFiducialActionFeedback.msg
Symlinking /home/martinelli/WidowX_XM430_Robot_Turret/catkin_ws/devel/share/turtlebot_actions/msg/FindFiducialActionResult.msg
Symlinking /home/martinelli/WidowX_XM430_Robot_Turret/catkin_ws/devel/share/turtlebot_actions/msg/TurtlebotMoveGoal.msg
Symlinking /home/martinelli/WidowX_XM430_Robot_Turret/catkin_ws/devel/share/turtlebot_actions/msg/TurtlebotMoveAction.msg
Symlinking /home/martinelli/WidowX_XM430_Robot_Turret/catkin_ws/devel/share/turtlebot_actions/msg/TurtlebotMoveActionFeedback.msg
Symlinking /home/martinelli/WidowX_XM430_Robot_Turret/catkin_ws/devel/share/turtlebot_actions/msg/TurtlebotMoveActionResult.msg
Symlinking /home/martinelli/WidowX_XM430_Robot_Turret/catkin_ws/devel/share/turtlebot_actions/msg/FindFiducialFeedback.msg
Symlinking /home/martinelli/WidowX_XM430_Robot_Turret/catkin_ws/devel/share/turtlebot_actions/msg/FindFiducialResult.msg
Symlinking /home/martinelli/WidowX_XM430_Robot_Turret/catkin_ws/devel/share/turtlebot_actions/msg/TurtlebotMoveActionGoal.msg
Symlinking /home/martinelli/WidowX_XM430_Robot_Turret/catkin_ws/devel/share/turtlebot_actions/msg/TurtlebotMoveFeedback.msg
Symlinking /home/martinelli/WidowX_XM430_Robot_Turret/catkin_ws/devel/share/turtlebot_actions/msg/FindFiducialActionGoal.msg
Symlinking /home/martinelli/WidowX_XM430_Robot_Turret/catkin_ws/devel/share/turtlebot_actions/msg/FindFiducialGoal.msg
Symlinking /home/martinelli/WidowX_XM430_Robot_Turret/catkin_ws/devel/share/roseus/ros/turtlebot_actions/manifest.l
Symlinking /home/martinelli/WidowX_XM430_Robot_Turret/catkin_ws/devel/share/roseus/ros/turtlebot_actions/msg/TurtlebotMoveActionGoal.l
Symlinking /home/martinelli/WidowX_XM430_Robot_Turret/catkin_ws/devel/share/roseus/ros/turtlebot_actions/msg/FindFiducialGoal.l
Symlinking /home/martinelli/WidowX_XM430_Robot_Turret/catkin_ws/devel/share/roseus/ros/turtlebot_actions/msg/FindFiducialActionResult.l
Symlinking /home/martinelli/WidowX_XM430_Robot_Turret/catkin_ws/devel/share/roseus/ros/turtlebot_actions/msg/FindFiducialResult.l
Symlinking /home/martinelli/WidowX_XM430_Robot_Turret/catkin_ws/devel/share/roseus/ros/turtlebot_actions/msg/FindFiducialActionFeedback.l
Symlinking /home/martinelli/WidowX_XM430_Robot_Turret/catkin_ws/devel/share/roseus/ros/turtlebot_actions/msg/FindFiducialActionGoal.l
Symlinking /home/martinelli/WidowX_XM430_Robot_Turret/catkin_ws/devel/share/roseus/ros/turtlebot_actions/msg/FindFiducialFeedback.l
Symlinking /home/martinelli/WidowX_XM430_Robot_Turret/catkin_ws/devel/share/roseus/ros/turtlebot_actions/msg/TurtlebotMoveActionFeedback.l
Symlinking /home/martinelli/WidowX_XM430_Robot_Turret/catkin_ws/devel/share/roseus/ros/turtlebot_actions/msg/TurtlebotMoveAction.l
Symlinking /home/martinelli/WidowX_XM430_Robot_Turret/catkin_ws/devel/share/roseus/ros/turtlebot_actions/msg/TurtlebotMoveResult.l
Symlinking /home/martinelli/WidowX_XM430_Robot_Turret/catkin_ws/devel/share/roseus/ros/turtlebot_actions/msg/TurtlebotMoveActionResult.l
Symlinking /home/martinelli/WidowX_XM430_Robot_Turret/catkin_ws/devel/share/roseus/ros/turtlebot_actions/msg/TurtlebotMoveFeedback.l
Symlinking /home/martinelli/WidowX_XM430_Robot_Turret/catkin_ws/devel/share/roseus/ros/turtlebot_actions/msg/FindFiducialAction.l
Symlinking /home/martinelli/WidowX_XM430_Robot_Turret/catkin_ws/devel/share/roseus/ros/turtlebot_actions/msg/TurtlebotMoveGoal.l
Symlinking /home/martinelli/WidowX_XM430_Robot_Turret/catkin_ws/devel/share/gennodejs/ros/turtlebot_actions/_index.js
Symlinking /home/martinelli/WidowX_XM430_Robot_Turret/catkin_ws/devel/share/gennodejs/ros/turtlebot_actions/msg/FindFiducialAction.js
Symlinking /home/martinelli/WidowX_XM430_Robot_Turret/catkin_ws/devel/share/gennodejs/ros/turtlebot_actions/msg/FindFiducialActionResult.js
Symlinking /home/martinelli/WidowX_XM430_Robot_Turret/catkin_ws/devel/share/gennodejs/ros/turtlebot_actions/msg/TurtlebotMoveFeedback.js
Symlinking /home/martinelli/WidowX_XM430_Robot_Turret/catkin_ws/devel/share/gennodejs/ros/turtlebot_actions/msg/TurtlebotMoveActionResult.js
Symlinking /home/martinelli/WidowX_XM430_Robot_Turret/catkin_ws/devel/share/gennodejs/ros/turtlebot_actions/msg/TurtlebotMoveResult.js
Symlinking /home/martinelli/WidowX_XM430_Robot_Turret/catkin_ws/devel/share/gennodejs/ros/turtlebot_actions/msg/FindFiducialActionGoal.js
Symlinking /home/martinelli/WidowX_XM430_Robot_Turret/catkin_ws/devel/share/gennodejs/ros/turtlebot_actions/msg/FindFiducialResult.js
Symlinking /home/martinelli/WidowX_XM430_Robot_Turret/catkin_ws/devel/share/gennodejs/ros/turtlebot_actions/msg/_index.js
Symlinking /home/martinelli/WidowX_XM430_Robot_Turret/catkin_ws/devel/share/gennodejs/ros/turtlebot_actions/msg/TurtlebotMoveAction.js
Symlinking /home/martinelli/WidowX_XM430_Robot_Turret/catkin_ws/devel/share/gennodejs/ros/turtlebot_actions/msg/FindFiducialActionFeedback.js
Symlinking /home/martinelli/WidowX_XM430_Robot_Turret/catkin_ws/devel/share/gennodejs/ros/turtlebot_actions/msg/FindFiducialFeedback.js
Symlinking /home/martinelli/WidowX_XM430_Robot_Turret/catkin_ws/devel/share/gennodejs/ros/turtlebot_actions/msg/TurtlebotMoveActionGoal.js
Symlinking /home/martinelli/WidowX_XM430_Robot_Turret/catkin_ws/devel/share/gennodejs/ros/turtlebot_actions/msg/TurtlebotMoveActionFeedback.js
Symlinking /home/martinelli/WidowX_XM430_Robot_Turret/catkin_ws/devel/share/gennodejs/ros/turtlebot_actions/msg/TurtlebotMoveGoal.js
Symlinking /home/martinelli/WidowX_XM430_Robot_Turret/catkin_ws/devel/share/gennodejs/ros/turtlebot_actions/msg/FindFiducialGoal.js
Symlinking /home/martinelli/WidowX_XM430_Robot_Turret/catkin_ws/devel/share/common-lisp/ros/turtlebot_actions/msg/_package_FindFiducialAction.lisp
Symlinking /home/martinelli/WidowX_XM430_Robot_Turret/catkin_ws/devel/share/common-lisp/ros/turtlebot_actions/msg/_package_TurtlebotMoveActionResult.lisp
Symlinking /home/martinelli/WidowX_XM430_Robot_Turret/catkin_ws/devel/share/common-lisp/ros/turtlebot_actions/msg/_package_TurtlebotMoveResult.lisp
Symlinking /home/martinelli/WidowX_XM430_Robot_Turret/catkin_ws/devel/share/common-lisp/ros/turtlebot_actions/msg/FindFiducialActionFeedback.lisp
Symlinking /home/martinelli/WidowX_XM430_Robot_Turret/catkin_ws/devel/share/common-lisp/ros/turtlebot_actions/msg/_package_FindFiducialResult.lisp
Symlinking /home/martinelli/WidowX_XM430_Robot_Turret/catkin_ws/devel/share/common-lisp/ros/turtlebot_actions/msg/TurtlebotMoveActionFeedback.lisp
Symlinking /home/martinelli/WidowX_XM430_Robot_Turret/catkin_ws/devel/share/common-lisp/ros/turtlebot_actions/msg/_package_TurtlebotMoveAction.lisp
Symlinking /home/martinelli/WidowX_XM430_Robot_Turret/catkin_ws/devel/share/common-lisp/ros/turtlebot_actions/msg/TurtlebotMoveActionResult.lisp
Symlinking /home/martinelli/WidowX_XM430_Robot_Turret/catkin_ws/devel/share/common-lisp/ros/turtlebot_actions/msg/turtlebot_actions-msg.asd
Symlinking /home/martinelli/WidowX_XM430_Robot_Turret/catkin_ws/devel/share/common-lisp/ros/turtlebot_actions/msg/_package_FindFiducialActionFeedback.lisp
Symlinking /home/martinelli/WidowX_XM430_Robot_Turret/catkin_ws/devel/share/common-lisp/ros/turtlebot_actions/msg/_package.lisp
Symlinking /home/martinelli/WidowX_XM430_Robot_Turret/catkin_ws/devel/share/common-lisp/ros/turtlebot_actions/msg/_package_FindFiducialFeedback.lisp
Symlinking /home/martinelli/WidowX_XM430_Robot_Turret/catkin_ws/devel/share/common-lisp/ros/turtlebot_actions/msg/TurtlebotMoveResult.lisp
Symlinking /home/martinelli/WidowX_XM430_Robot_Turret/catkin_ws/devel/share/common-lisp/ros/turtlebot_actions/msg/FindFiducialActionResult.lisp
Symlinking /home/martinelli/WidowX_XM430_Robot_Turret/catkin_ws/devel/share/common-lisp/ros/turtlebot_actions/msg/_package_TurtlebotMoveActionFeedback.lisp
Symlinking /home/martinelli/WidowX_XM430_Robot_Turret/catkin_ws/devel/share/common-lisp/ros/turtlebot_actions/msg/TurtlebotMoveActionGoal.lisp
Symlinking /home/martinelli/WidowX_XM430_Robot_Turret/catkin_ws/devel/share/common-lisp/ros/turtlebot_actions/msg/FindFiducialActionGoal.lisp
Symlinking /home/martinelli/WidowX_XM430_Robot_Turret/catkin_ws/devel/share/common-lisp/ros/turtlebot_actions/msg/FindFiducialAction.lisp
Symlinking /home/martinelli/WidowX_XM430_Robot_Turret/catkin_ws/devel/share/common-lisp/ros/turtlebot_actions/msg/TurtlebotMoveGoal.lisp
Symlinking /home/martinelli/WidowX_XM430_Robot_Turret/catkin_ws/devel/share/common-lisp/ros/turtlebot_actions/msg/_package_FindFiducialGoal.lisp
Symlinking /home/martinelli/WidowX_XM430_Robot_Turret/catkin_ws/devel/share/common-lisp/ros/turtlebot_actions/msg/_package_FindFiducialActionGoal.lisp
Symlinking /home/martinelli/WidowX_XM430_Robot_Turret/catkin_ws/devel/share/common-lisp/ros/turtlebot_actions/msg/FindFiducialGoal.lisp
Symlinking /home/martinelli/WidowX_XM430_Robot_Turret/catkin_ws/devel/share/common-lisp/ros/turtlebot_actions/msg/_package_FindFiducialActionResult.lisp
Symlinking /home/martinelli/WidowX_XM430_Robot_Turret/catkin_ws/devel/share/common-lisp/ros/turtlebot_actions/msg/_package_TurtlebotMoveGoal.lisp
Symlinking /home/martinelli/WidowX_XM430_Robot_Turret/catkin_ws/devel/share/common-lisp/ros/turtlebot_actions/msg/TurtlebotMoveFeedback.lisp
Symlinking /home/martinelli/WidowX_XM430_Robot_Turret/catkin_ws/devel/share/common-lisp/ros/turtlebot_actions/msg/_package_TurtlebotMoveFeedback.lisp
Symlinking /home/martinelli/WidowX_XM430_Robot_Turret/catkin_ws/devel/share/common-lisp/ros/turtlebot_actions/msg/TurtlebotMoveAction.lisp
Symlinking /home/martinelli/WidowX_XM430_Robot_Turret/catkin_ws/devel/share/common-lisp/ros/turtlebot_actions/msg/_package_TurtlebotMoveActionGoal.lisp
Symlinking /home/martinelli/WidowX_XM430_Robot_Turret/catkin_ws/devel/share/common-lisp/ros/turtlebot_actions/msg/FindFiducialFeedback.lisp
Symlinking /home/martinelli/WidowX_XM430_Robot_Turret/catkin_ws/devel/share/common-lisp/ros/turtlebot_actions/msg/FindFiducialResult.lisp
