[  0%] Built target geometry_msgs_generate_messages_cpp
[  0%] Built target actionlib_msgs_generate_messages_cpp
[  0%] Built target std_msgs_generate_messages_cpp
[  0%] Built target _turtlebot_actions_generate_messages_check_deps_FindFiducialFeedback
[  0%] Built target _turtlebot_actions_generate_messages_check_deps_TurtlebotMoveActionFeedback
[  0%] Built target _turtlebot_actions_generate_messages_check_deps_TurtlebotMoveFeedback
[  0%] Built target _turtlebot_actions_generate_messages_check_deps_TurtlebotMoveResult
[  0%] Built target _turtlebot_actions_generate_messages_check_deps_TurtlebotMoveGoal
[  0%] Built target _turtlebot_actions_generate_messages_check_deps_TurtlebotMoveActionResult
[  0%] Built target _turtlebot_actions_generate_messages_check_deps_TurtlebotMoveActionGoal
[  0%] Built target _turtlebot_actions_generate_messages_check_deps_FindFiducialAction
[  0%] Built target std_msgs_generate_messages_py
[  0%] Built target _turtlebot_actions_generate_messages_check_deps_TurtlebotMoveAction
[  0%] Built target actionlib_msgs_generate_messages_py
[  0%] Built target geometry_msgs_generate_messages_py
[  0%] Built target _turtlebot_actions_generate_messages_check_deps_FindFiducialActionGoal
[  0%] Built target std_msgs_generate_messages_nodejs
[  0%] Built target _turtlebot_actions_generate_messages_check_deps_FindFiducialActionResult
[  0%] Built target geometry_msgs_generate_messages_nodejs
[  0%] Built target actionlib_msgs_generate_messages_nodejs
[  0%] Built target actionlib_msgs_generate_messages_eus
[  0%] Built target geometry_msgs_generate_messages_eus
[  0%] Built target std_msgs_generate_messages_eus
[  0%] Built target std_msgs_generate_messages_lisp
[  0%] Built target _turtlebot_actions_generate_messages_check_deps_FindFiducialActionFeedback
[  0%] Built target _turtlebot_actions_generate_messages_check_deps_FindFiducialResult
[  0%] Built target _turtlebot_actions_generate_messages_check_deps_FindFiducialGoal
[  0%] Built target actionlib_msgs_generate_messages_lisp
[  0%] Built target geometry_msgs_generate_messages_lisp
[ 40%] Built target turtlebot_actions_generate_messages_cpp
[ 40%] Built target turtlebot_actions_generate_messages_eus
[ 74%] Built target turtlebot_actions_generate_messages_nodejs
[ 75%] Built target turtlebot_actions_generate_messages_py
[ 93%] Built target turtlebot_actions_generate_messages_lisp
[ 93%] Built target turtlebot_actions_gencpp
[ 93%] Built target turtlebot_actions_generate_messages
[ 96%] Built target turtlebot_move_action_server
[100%] Built target find_fiducial_pose
