[35m[1mScanning dependencies of target _turtlebot_actions_generate_messages_check_deps_TurtlebotMoveFeedback[0m
[35m[1mScanning dependencies of target _turtlebot_actions_generate_messages_check_deps_TurtlebotMoveActionResult[0m
[35m[1mScanning dependencies of target _turtlebot_actions_generate_messages_check_deps_TurtlebotMoveGoal[0m
[35m[1mScanning dependencies of target _turtlebot_actions_generate_messages_check_deps_FindFiducialAction[0m
[35m[1mScanning dependencies of target std_msgs_generate_messages_cpp[0m
[35m[1mScanning dependencies of target actionlib_msgs_generate_messages_cpp[0m
[35m[1mScanning dependencies of target _turtlebot_actions_generate_messages_check_deps_FindFiducialFeedback[0m
[35m[1mScanning dependencies of target _turtlebot_actions_generate_messages_check_deps_TurtlebotMoveActionGoal[0m
[35m[1mScanning dependencies of target _turtlebot_actions_generate_messages_check_deps_TurtlebotMoveAction[0m
[35m[1mScanning dependencies of target _turtlebot_actions_generate_messages_check_deps_TurtlebotMoveActionFeedback[0m
[35m[1mScanning dependencies of target _turtlebot_actions_generate_messages_check_deps_TurtlebotMoveResult[0m
[35m[1mScanning dependencies of target geometry_msgs_generate_messages_cpp[0m
[  0%] Built target std_msgs_generate_messages_cpp
[  0%] Built target actionlib_msgs_generate_messages_cpp
[  0%] Built target geometry_msgs_generate_messages_cpp
[35m[1mScanning dependencies of target _turtlebot_actions_generate_messages_check_deps_FindFiducialActionGoal[0m
[35m[1mScanning dependencies of target _turtlebot_actions_generate_messages_check_deps_FindFiducialActionResult[0m
[35m[1mScanning dependencies of target _turtlebot_actions_generate_messages_check_deps_FindFiducialActionFeedback[0m
[  0%] Built target _turtlebot_actions_generate_messages_check_deps_TurtlebotMoveGoal
[  0%] Built target _turtlebot_actions_generate_messages_check_deps_TurtlebotMoveFeedback
[  0%] Built target _turtlebot_actions_generate_messages_check_deps_FindFiducialAction
[  0%] Built target _turtlebot_actions_generate_messages_check_deps_TurtlebotMoveAction
[  0%] Built target _turtlebot_actions_generate_messages_check_deps_TurtlebotMoveActionResult
[  0%] Built target _turtlebot_actions_generate_messages_check_deps_TurtlebotMoveActionGoal
[  0%] Built target _turtlebot_actions_generate_messages_check_deps_TurtlebotMoveActionFeedback
[  0%] Built target _turtlebot_actions_generate_messages_check_deps_FindFiducialFeedback
[35m[1mScanning dependencies of target _turtlebot_actions_generate_messages_check_deps_FindFiducialGoal[0m
[35m[1mScanning dependencies of target std_msgs_generate_messages_py[0m
[35m[1mScanning dependencies of target _turtlebot_actions_generate_messages_check_deps_FindFiducialResult[0m
[35m[1mScanning dependencies of target actionlib_msgs_generate_messages_nodejs[0m
[35m[1mScanning dependencies of target actionlib_msgs_generate_messages_py[0m
[35m[1mScanning dependencies of target geometry_msgs_generate_messages_py[0m
[35m[1mScanning dependencies of target geometry_msgs_generate_messages_nodejs[0m
[35m[1mScanning dependencies of target std_msgs_generate_messages_nodejs[0m
[  0%] Built target std_msgs_generate_messages_py
[  0%] Built target actionlib_msgs_generate_messages_nodejs
[  0%] Built target actionlib_msgs_generate_messages_py
[  0%] Built target _turtlebot_actions_generate_messages_check_deps_TurtlebotMoveResult
[  0%] Built target _turtlebot_actions_generate_messages_check_deps_FindFiducialActionResult
[  0%] Built target geometry_msgs_generate_messages_py
[  0%] Built target geometry_msgs_generate_messages_nodejs
[  0%] Built target _turtlebot_actions_generate_messages_check_deps_FindFiducialActionFeedback
[  0%] Built target _turtlebot_actions_generate_messages_check_deps_FindFiducialActionGoal
[  0%] Built target std_msgs_generate_messages_nodejs
[35m[1mScanning dependencies of target std_msgs_generate_messages_eus[0m
[35m[1mScanning dependencies of target actionlib_msgs_generate_messages_eus[0m
[35m[1mScanning dependencies of target actionlib_msgs_generate_messages_lisp[0m
[35m[1mScanning dependencies of target std_msgs_generate_messages_lisp[0m
[35m[1mScanning dependencies of target geometry_msgs_generate_messages_eus[0m
[35m[1mScanning dependencies of target geometry_msgs_generate_messages_lisp[0m
[  0%] Built target actionlib_msgs_generate_messages_eus
[  0%] Built target std_msgs_generate_messages_eus
[  0%] Built target std_msgs_generate_messages_lisp
[  0%] Built target actionlib_msgs_generate_messages_lisp
[  0%] Built target geometry_msgs_generate_messages_eus
[  0%] Built target geometry_msgs_generate_messages_lisp
[  0%] Built target _turtlebot_actions_generate_messages_check_deps_FindFiducialGoal
[  0%] Built target _turtlebot_actions_generate_messages_check_deps_FindFiducialResult
[35m[1mScanning dependencies of target turtlebot_actions_generate_messages_py[0m
[35m[1mScanning dependencies of target turtlebot_actions_generate_messages_eus[0m
[35m[1mScanning dependencies of target turtlebot_actions_generate_messages_nodejs[0m
[35m[1mScanning dependencies of target turtlebot_actions_generate_messages_lisp[0m
[35m[1mScanning dependencies of target turtlebot_actions_generate_messages_cpp[0m
[  1%] [34m[1mGenerating EusLisp code from turtlebot_actions/FindFiducialAction.msg[0m
[  3%] [34m[1mGenerating Python from MSG turtlebot_actions/FindFiducialActionGoal[0m
[  3%] [34m[1mGenerating Javascript code from turtlebot_actions/FindFiducialAction.msg[0m
[  6%] [34m[1mGenerating Python from MSG turtlebot_actions/FindFiducialAction[0m
[  6%] [34m[1mGenerating EusLisp code from turtlebot_actions/FindFiducialActionGoal.msg[0m
[  9%] [34m[1mGenerating EusLisp code from turtlebot_actions/FindFiducialActionResult.msg[0m
[  9%] [34m[1mGenerating Javascript code from turtlebot_actions/FindFiducialActionResult.msg[0m
[ 10%] [34m[1mGenerating Javascript code from turtlebot_actions/FindFiducialActionFeedback.msg[0m
[ 12%] [34m[1mGenerating Lisp code from turtlebot_actions/FindFiducialAction.msg[0m
[ 12%] [34m[1mGenerating Javascript code from turtlebot_actions/FindFiducialActionGoal.msg[0m
[ 14%] [34m[1mGenerating Python from MSG turtlebot_actions/FindFiducialActionResult[0m
[ 15%] [34m[1mGenerating C++ code from turtlebot_actions/FindFiducialAction.msg[0m
[ 16%] [34m[1mGenerating C++ code from turtlebot_actions/FindFiducialActionGoal.msg[0m
[ 18%] [34m[1mGenerating Javascript code from turtlebot_actions/FindFiducialGoal.msg[0m
[ 19%] [34m[1mGenerating Lisp code from turtlebot_actions/FindFiducialActionGoal.msg[0m
[ 20%] [34m[1mGenerating Javascript code from turtlebot_actions/FindFiducialResult.msg[0m
[ 22%] [34m[1mGenerating C++ code from turtlebot_actions/FindFiducialActionResult.msg[0m
[ 23%] [34m[1mGenerating EusLisp code from turtlebot_actions/FindFiducialActionFeedback.msg[0m
[ 24%] [34m[1mGenerating Lisp code from turtlebot_actions/FindFiducialActionResult.msg[0m
[ 25%] [34m[1mGenerating Lisp code from turtlebot_actions/FindFiducialActionFeedback.msg[0m
[ 27%] [34m[1mGenerating Javascript code from turtlebot_actions/FindFiducialFeedback.msg[0m
[ 28%] [34m[1mGenerating Lisp code from turtlebot_actions/FindFiducialGoal.msg[0m
[ 29%] [34m[1mGenerating Lisp code from turtlebot_actions/FindFiducialResult.msg[0m
[ 31%] [34m[1mGenerating Lisp code from turtlebot_actions/FindFiducialFeedback.msg[0m
[ 32%] [34m[1mGenerating Lisp code from turtlebot_actions/TurtlebotMoveAction.msg[0m
[ 33%] [34m[1mGenerating Javascript code from turtlebot_actions/TurtlebotMoveAction.msg[0m
[ 35%] [34m[1mGenerating Lisp code from turtlebot_actions/TurtlebotMoveActionGoal.msg[0m
[ 37%] [34m[1mGenerating C++ code from turtlebot_actions/FindFiducialActionFeedback.msg[0m
[ 37%] [34m[1mGenerating C++ code from turtlebot_actions/FindFiducialGoal.msg[0m
[ 38%] [34m[1mGenerating Python from MSG turtlebot_actions/FindFiducialActionFeedback[0m
[ 40%] [34m[1mGenerating EusLisp code from turtlebot_actions/FindFiducialGoal.msg[0m
[ 41%] [34m[1mGenerating Javascript code from turtlebot_actions/TurtlebotMoveActionGoal.msg[0m
[ 42%] [34m[1mGenerating EusLisp code from turtlebot_actions/FindFiducialResult.msg[0m
[ 44%] [34m[1mGenerating Javascript code from turtlebot_actions/TurtlebotMoveActionResult.msg[0m
[ 45%] [34m[1mGenerating Javascript code from turtlebot_actions/TurtlebotMoveActionFeedback.msg[0m
[ 46%] [34m[1mGenerating Lisp code from turtlebot_actions/TurtlebotMoveActionResult.msg[0m
[ 48%] [34m[1mGenerating Javascript code from turtlebot_actions/TurtlebotMoveGoal.msg[0m
[ 49%] [34m[1mGenerating C++ code from turtlebot_actions/FindFiducialResult.msg[0m
[ 50%] [34m[1mGenerating Python from MSG turtlebot_actions/FindFiducialGoal[0m
[ 51%] [34m[1mGenerating Javascript code from turtlebot_actions/TurtlebotMoveResult.msg[0m
[ 53%] [34m[1mGenerating Python from MSG turtlebot_actions/FindFiducialResult[0m
[ 54%] [34m[1mGenerating Lisp code from turtlebot_actions/TurtlebotMoveActionFeedback.msg[0m
[ 55%] [34m[1mGenerating Lisp code from turtlebot_actions/TurtlebotMoveGoal.msg[0m
[ 57%] [34m[1mGenerating Lisp code from turtlebot_actions/TurtlebotMoveResult.msg[0m
[ 58%] [34m[1mGenerating EusLisp code from turtlebot_actions/FindFiducialFeedback.msg[0m
[ 59%] [34m[1mGenerating EusLisp code from turtlebot_actions/TurtlebotMoveAction.msg[0m
[ 61%] [34m[1mGenerating Javascript code from turtlebot_actions/TurtlebotMoveFeedback.msg[0m
[ 62%] [34m[1mGenerating EusLisp code from turtlebot_actions/TurtlebotMoveActionGoal.msg[0m
[ 63%] [34m[1mGenerating EusLisp code from turtlebot_actions/TurtlebotMoveActionResult.msg[0m
[ 64%] [34m[1mGenerating Lisp code from turtlebot_actions/TurtlebotMoveFeedback.msg[0m
[ 66%] [34m[1mGenerating EusLisp code from turtlebot_actions/TurtlebotMoveActionFeedback.msg[0m
[ 67%] [34m[1mGenerating EusLisp code from turtlebot_actions/TurtlebotMoveGoal.msg[0m
[ 67%] Built target turtlebot_actions_generate_messages_nodejs
[ 68%] [34m[1mGenerating EusLisp code from turtlebot_actions/TurtlebotMoveResult.msg[0m
[ 70%] [34m[1mGenerating C++ code from turtlebot_actions/FindFiducialFeedback.msg[0m
[ 71%] [34m[1mGenerating EusLisp code from turtlebot_actions/TurtlebotMoveFeedback.msg[0m
[ 72%] [34m[1mGenerating C++ code from turtlebot_actions/TurtlebotMoveAction.msg[0m
[ 72%] Built target turtlebot_actions_generate_messages_lisp
[ 74%] [34m[1mGenerating C++ code from turtlebot_actions/TurtlebotMoveActionGoal.msg[0m
[ 75%] [34m[1mGenerating C++ code from turtlebot_actions/TurtlebotMoveActionResult.msg[0m
[ 76%] [34m[1mGenerating EusLisp manifest code for turtlebot_actions[0m
[ 77%] [34m[1mGenerating C++ code from turtlebot_actions/TurtlebotMoveActionFeedback.msg[0m
[ 79%] [34m[1mGenerating Python from MSG turtlebot_actions/FindFiducialFeedback[0m
[ 80%] [34m[1mGenerating C++ code from turtlebot_actions/TurtlebotMoveGoal.msg[0m
[ 81%] [34m[1mGenerating Python from MSG turtlebot_actions/TurtlebotMoveAction[0m
[ 83%] [34m[1mGenerating Python from MSG turtlebot_actions/TurtlebotMoveActionGoal[0m
[ 84%] [34m[1mGenerating Python from MSG turtlebot_actions/TurtlebotMoveActionResult[0m
[ 85%] [34m[1mGenerating Python from MSG turtlebot_actions/TurtlebotMoveActionFeedback[0m
[ 87%] [34m[1mGenerating C++ code from turtlebot_actions/TurtlebotMoveResult.msg[0m
[ 88%] [34m[1mGenerating C++ code from turtlebot_actions/TurtlebotMoveFeedback.msg[0m
[ 89%] [34m[1mGenerating Python from MSG turtlebot_actions/TurtlebotMoveGoal[0m
[ 90%] [34m[1mGenerating Python from MSG turtlebot_actions/TurtlebotMoveResult[0m
[ 92%] [34m[1mGenerating Python from MSG turtlebot_actions/TurtlebotMoveFeedback[0m
[ 92%] Built target turtlebot_actions_generate_messages_cpp
[35m[1mScanning dependencies of target turtlebot_actions_gencpp[0m
[ 92%] Built target turtlebot_actions_gencpp
[35m[1mScanning dependencies of target turtlebot_move_action_server[0m
[35m[1mScanning dependencies of target find_fiducial_pose[0m
[ 93%] [32mBuilding CXX object CMakeFiles/turtlebot_move_action_server.dir/src/turtlebot_move_action_server.cpp.o[0m
[ 96%] [32mBuilding CXX object CMakeFiles/find_fiducial_pose.dir/src/detect_calibration_pattern.cpp.o[0m
[ 96%] [32mBuilding CXX object CMakeFiles/find_fiducial_pose.dir/src/find_fiducial_pose.cpp.o[0m
[ 97%] [34m[1mGenerating Python msg __init__.py for turtlebot_actions[0m
[ 97%] Built target turtlebot_actions_generate_messages_py
[ 97%] Built target turtlebot_actions_generate_messages_eus
[35m[1mScanning dependencies of target turtlebot_actions_generate_messages[0m
[ 97%] Built target turtlebot_actions_generate_messages
[ 98%] [32m[1mLinking CXX executable /home/martinelli/WidowX_XM430_Robot_Turret/catkin_ws/devel/.private/turtlebot_actions/lib/turtlebot_actions/turtlebot_move_action_server[0m
[ 98%] Built target turtlebot_move_action_server
[100%] [32m[1mLinking CXX executable /home/martinelli/WidowX_XM430_Robot_Turret/catkin_ws/devel/.private/turtlebot_actions/lib/turtlebot_actions/find_fiducial_pose[0m
[100%] Built target find_fiducial_pose
